
################################################################################
#
# This file has been generated by SpyGlass:
#     Report Name      : moresimple
#     Report Created by: ICer
#     Report Created on: Sun Aug 24 19:13:21 2025
#     Working Directory: /home/ICer/Projects/Digital_System(RTL-to-GDSII)/spyglass/runs
#     SpyGlass Version : SpyGlass_vL-2016.06
#     Policy Name      : SpyGlass(SpyGlass_vL-2016.06)
#                        auto-verify(SpyGlass_vL-2016.06)
#                        erc(SpyGlass_vL-2016.06)
#                        latch(SpyGlass_vL-2016.06)
#                        lint(SpyGlass_vL-2016.06)
#                        morelint(SpyGlass_vL-2016.06)
#                        openmore(SpyGlass_vL-2016.06)
#                        simulation(SpyGlass_vL-2016.06)
#                        starc(SpyGlass_vL-2016.06)
#                        starc2005(SpyGlass_vL-2016.06)
#                        timing(SpyGlass_vL-2016.06)
#
#     Total Number of Generated Primary Messages   :         15
#     Total Number of Generated Secondary Messages :          0
#     Number of Waived Primary Messages            :          0
#     Number of Waived Secondary Messages          :          0
#     Number of Reported Primary Messages          :         15
#     Number of Overlimit Messages                 :          0
#
#
################################################################################

++++++++++++++++++++++++++++++++++++++++++++++++++++++++++++++++++++++++++++++++++++++++++++++++++++++++++++++++
MORESIMPLE REPORT:
############### FATAL MESSAGES ############### 
++++++++++++++++++++++++++++++++++++++++++++++++++++++++++++++++++++++++++++++++++++++++++++++++++++++++++++++++++
ID       Rule         Alias    Severity    File                   Line    Wt    Secondary Msg Count    Message
========================================================================================================================
[13]     Av_init01             Fatal       ../rtl/SYSTEM_TOP.v    15      10    NA                     Could not find clocks for all the flops. Please add clock SGDC constraint to the design
+++++++++++++++++++++++++++++++++++++++++++++++++++++++++++++++++++++++++++++++++++++++++++++++++++++++++++++++++++++++


############### BuiltIn -> RuleGroup=Design Read ###############
++++++++++++++++++++++++++++++++++++++++++++++++++++++++++++++++++++++++++++++++++++++++++++++++++++++++++++++++++++++++
ID       Rule                             Alias                            Severity    File                                                                           Line    Wt    Secondary Msg Count    Message
========================================================================================================================
[A]      DetectTopDesignUnits             DetectTopDesignUnits             Info        ../rtl/SYSTEM_TOP.v                                                            15      2     NA                     Module SYSTEM_TOP is a top level design unit
[0]      ReportIgnoredOverlappingRules    ReportIgnoredOverlappingRules    Warning     N.A.                                                                           0       10    NA                     Rule 'STARC05-2.1.3.1 (verilog)' not run (subset of rule 'Av_width_mismatch_function (mixed)')
[1]      ReportIgnoredOverlappingRules    ReportIgnoredOverlappingRules    Warning     N.A.                                                                           0       10    NA                     Rule 'STARC05-2.10.3.2a (verilog)' not run (subset of rule 'Av_width_mismatch_expr (mixed)')
[2]      ReportIgnoredOverlappingRules    ReportIgnoredOverlappingRules    Warning     N.A.                                                                           0       10    NA                     Rule 'W110 (verilog)' not run (subset of rule 'Av_width_mismatch_port (mixed)')
[3]      ReportIgnoredOverlappingRules    ReportIgnoredOverlappingRules    Warning     N.A.                                                                           0       10    NA                     Rule 'W116 (verilog)' not run (subset of rule 'Av_width_mismatch_expr02 (mixed)')
[4]      ReportIgnoredOverlappingRules    ReportIgnoredOverlappingRules    Warning     N.A.                                                                           0       10    NA                     Rule 'W263 (verilog)' not run (subset of rule 'Av_width_mismatch_case (mixed)')
[5]      ReportIgnoredOverlappingRules    ReportIgnoredOverlappingRules    Warning     N.A.                                                                           0       10    NA                     Rule 'W362 (verilog)' not run (subset of rule 'Av_width_mismatch_expr03 (mixed)')
[6]      ReportIgnoredOverlappingRules    ReportIgnoredOverlappingRules    Warning     N.A.                                                                           0       10    NA                     Rule 'W467 (verilog)' not run (subset of rule 'Av_dontcare_mismatch (mixed)')
[7]      ReportIgnoredOverlappingRules    ReportIgnoredOverlappingRules    Warning     N.A.                                                                           0       10    NA                     Rule 'W71 (verilog)' not run (subset of rule 'Av_case_default_missing (mixed)')
[9]      ElabSummary                      ElabSummary                      Info        ./spyglass-1/lint/lint_turbo_rtl/spyglass_reports/SpyGlass/elab_summary.rpt    0       2     NA                     Please refer file './spyglass-1/lint/lint_turbo_rtl/spyglass_reports/SpyGlass/elab_summary.rpt' for elab summary report
[8]      TurboModeStatus                  TurboModeStatus                  Info        N.A.                                                                           0       10    NA                     Turbo-Mode is enabled in the current run as turbo_struct license feature successfully checked out
+++++++++++++++++++++++++++++++++++++++++++++++++++++++++++++++++++++++++++++++++++++++++++++++++++++++++++++++++++++++


############### Non-BuiltIn -> Goal=lint/lint_turbo_rtl ###############
++++++++++++++++++++++++++++++++++++++++++++++++++++++++++++++++++++++++++++++++++++++++++++++++++++++++++++++++++++++++
ID       Rule                Alias                 Severity    File                         Line    Wt    Secondary Msg Count    Message
========================================================================================================================
[10]     InferLatch          (OpenMORE 5.5.2.1)    Error       ../rtl/CLK_GATE.v            11      5     NA                     Latch inferred for signal 'Latch' in module 'CLK_GATE'
[11]     InferLatch          (OpenMORE 5.5.2.1)    Error       ../rtl/SYS_CTRL.v            151     5     NA                     Latch inferred for signal 'Address[3:0]' in module 'SYS_CTRL'
[C]      STARC05-2.11.3.1    SepStateNextLogic     Warning     ../rtl/edge_bit_counter.v    21      10    NA                     Combinational and sequential parts of an FSM described in same always block
+++++++++++++++++++++++++++++++++++++++++++++++++++++++++++++++++++++++++++++++++++++++++++++++++++++++++++++++++++++++
