
################################################################################
#
# This file has been generated by SpyGlass:
#     Report Name      : no_msg_reporting_rules
#     Report Created by: ICer
#     Report Created on:  Sun Aug 24 19:13:21 2025
#     Working Directory: /home/ICer/Projects/Digital_System(RTL-to-GDSII)/spyglass/runs
#     SpyGlass Version : SpyGlass_vL-2016.06
#     Policy Name      : SpyGlass(SpyGlass_vL-2016.06)
#                        auto-verify(SpyGlass_vL-2016.06)
#                        erc(SpyGlass_vL-2016.06)
#                        latch(SpyGlass_vL-2016.06)
#                        lint(SpyGlass_vL-2016.06)
#                        morelint(SpyGlass_vL-2016.06)
#                        openmore(SpyGlass_vL-2016.06)
#                        simulation(SpyGlass_vL-2016.06)
#                        starc(SpyGlass_vL-2016.06)
#                        starc2005(SpyGlass_vL-2016.06)
#                        timing(SpyGlass_vL-2016.06)
#
#     Total Number of Generated Messages :         15
#     Number of Waived Messages          :          0
#     Number of Reported Messages        :         15
#     Number of Overlimit Messages       :          0
#
#
################################################################################

NO VIOLATION RULE REPORT :
++++++++++++++++++++++++++++++++++++++++++++++++++++++++++++++++++++++++++++++++

Following rules did not produce any violation or waived off during spyglass run

++++++++++++++++++++++++++++++++++++++++++++++++++++++++++++++++++++++++++++++++


================================================================================
	INDEX                                   RULE-NAME
================================================================================
	1                                  Av_Info_Case_Analysis
	2                                  Av_case_default_missing
	3                                  Av_dontcare_mismatch
	4                                  Av_signed_unsigned_mismatch
	5                                  Av_width_mismatch_assign
	6                                  Av_width_mismatch_case
	7                                  Av_width_mismatch_expr
	8                                  Av_width_mismatch_expr02
	9                                  Av_width_mismatch_expr03
	10                                 Av_width_mismatch_function
	11                                 Av_width_mismatch_port
	12                                 BlockHeader
	13                                 BufClock
	14                                 CheckDelayTimescale-ML
	15                                 CombLoop
	16                                 LatchFeedback
	17                                 NoAssignX-ML
	18                                 NoXInCase-ML
	19                                 ParamWidthMismatch-ML
	20                                 STARC05-1.2.1.2
	21                                 STARC05-2.1.4.5
	22                                 STARC05-2.1.5.3
	23                                 STARC05-2.1.6.5
	24                                 STARC05-2.10.1.4a
	25                                 STARC05-2.10.1.4b
	26                                 STARC05-2.10.2.3
	27                                 STARC05-2.2.3.3
	28                                 STARC05-2.3.1.2c
	29                                 STARC05-2.3.1.5b
	30                                 STARC05-2.3.1.6
	31                                 STARC05-2.3.3.1
	32                                 STARC05-2.3.4.1v
	33                                 STARC05-2.4.1.5
	34                                 STARC05-2.5.1.2
	35                                 STARC05-2.5.1.7
	36                                 STARC05-2.5.1.9
	37                                 UndrivenInTerm-ML
	38                                 W110a
	39                                 W116
	40                                 W122
	41                                 W123
	42                                 W156
	43                                 W19
	44                                 W215
	45                                 W216
	46                                 W218
	47                                 W224
	48                                 W240
	49                                 W287a
	50                                 W287b
	51                                 W289
	52                                 W292
	53                                 W293
	54                                 W317
	55                                 W336
	56                                 W337
	57                                 W339a
	58                                 W352
	59                                 W392
	60                                 W398
	61                                 W414
	62                                 W415
	63                                 W415a
	64                                 W416
	65                                 W421
	66                                 W422
	67                                 W424
	68                                 W426
	69                                 W442a
	70                                 W442b
	71                                 W442c
	72                                 W442f
	73                                 W450L
	74                                 W467
	75                                 W480
	76                                 W481a
	77                                 W481b
	78                                 W486
	79                                 W496a
	80                                 W496b
	81                                 W499
	82                                 W502
	83                                 W505
	84                                 W528
	85                                 W66
	86                                 W71
	87                                 badimplicitSM1
	88                                 badimplicitSM2
	89                                 badimplicitSM4
	90                                 bothedges
	91                                 mixedsenselist
	92                                 sim_race02
================================================================================
