****************************************
Report : timing
        -path_type full
        -delay_type min
        -max_paths 20
        -report_by design
Design : SYSTEM_TOP
Version: O-2018.06-SP1
Date   : Sat Aug 30 04:47:36 2025
****************************************

  Startpoint: RST_SYNC_2/sync_rst_reg[1] (rising edge-triggered flip-flop clocked by FUN_UART_CLK)
  Endpoint: U0_PULSE_GEN/SYNC_REG_reg (removal check against rising-edge clock clocked by FUN_TX_CLK)
  Mode: default
  Corner: default
  Scenario: default
  Path Group: FUN_TX_CLK
  Path Type: min

  Point                                            Incr      Path  
  ------------------------------------------------------------------------
  clock FUN_UART_CLK (rise edge)                   0.00      0.00
  clock network delay (ideal)                      0.00      0.00

  RST_SYNC_2/sync_rst_reg[1]/CLK (SDFFARX1)        0.00      0.00 r
  RST_SYNC_2/sync_rst_reg[1]/Q (SDFFARX1)          0.11      0.11 r
  U6_MUX2x1/U2/Q (MUX21X1)                         0.06      0.17 r
  U8/Z (NBUFFX2)                                   0.06      0.23 r
  U0_PULSE_GEN/SYNC_REG_reg/RSTB (SDFFARX1)        0.00      0.23 r
  data arrival time                                          0.23

  clock FUN_TX_CLK (rise edge)                     0.00      0.00
  clock network delay (ideal)                      0.00      0.00
  U0_PULSE_GEN/SYNC_REG_reg/CLK (SDFFARX1)         0.00      0.00 r
  clock uncertainty                                0.10      0.10
  library hold time                                0.39      0.49
  data required time                                         0.49
  ------------------------------------------------------------------------
  data required time                                         0.49
  data arrival time                                         -0.23
  ------------------------------------------------------------------------
  slack (VIOLATED)                                          -0.26



  Startpoint: RST_SYNC_2/sync_rst_reg[1] (rising edge-triggered flip-flop clocked by FUN_UART_CLK)
  Endpoint: RX_CLK_DIV/div_clk_reg (removal check against rising-edge clock clocked by FUN_UART_CLK)
  Mode: default
  Corner: default
  Scenario: default
  Path Group: FUN_UART_CLK
  Path Type: min

  Point                                            Incr      Path  
  ------------------------------------------------------------------------
  clock FUN_UART_CLK (rise edge)                   0.00      0.00
  clock network delay (ideal)                      0.00      0.00

  RST_SYNC_2/sync_rst_reg[1]/CLK (SDFFARX1)        0.00      0.00 r
  RST_SYNC_2/sync_rst_reg[1]/Q (SDFFARX1)          0.11      0.11 r
  U6_MUX2x1/U2/Q (MUX21X1)                         0.06      0.17 r
  U10/Z (NBUFFX2)                                  0.07      0.24 r
  RX_CLK_DIV/div_clk_reg/RSTB (SDFFARX1)           0.00      0.24 r
  data arrival time                                          0.24

  clock FUN_UART_CLK (rise edge)                   0.00      0.00
  clock network delay (ideal)                      0.00      0.00
  RX_CLK_DIV/div_clk_reg/CLK (SDFFARX1)            0.00      0.00 r
  clock uncertainty                                0.10      0.10
  library hold time                                0.39      0.49
  data required time                                         0.49
  ------------------------------------------------------------------------
  data required time                                         0.49
  data arrival time                                         -0.24
  ------------------------------------------------------------------------
  slack (VIOLATED)                                          -0.25



  Startpoint: RST_SYNC_2/sync_rst_reg[1] (rising edge-triggered flip-flop clocked by FUN_UART_CLK)
  Endpoint: RX_CLK_DIV/counter_reg[1] (removal check against rising-edge clock clocked by FUN_UART_CLK)
  Mode: default
  Corner: default
  Scenario: default
  Path Group: FUN_UART_CLK
  Path Type: min

  Point                                            Incr      Path  
  ------------------------------------------------------------------------
  clock FUN_UART_CLK (rise edge)                   0.00      0.00
  clock network delay (ideal)                      0.00      0.00

  RST_SYNC_2/sync_rst_reg[1]/CLK (SDFFARX1)        0.00      0.00 r
  RST_SYNC_2/sync_rst_reg[1]/Q (SDFFARX1)          0.11      0.11 r
  U6_MUX2x1/U2/Q (MUX21X1)                         0.06      0.17 r
  U10/Z (NBUFFX2)                                  0.07      0.24 r
  RX_CLK_DIV/counter_reg[1]/RSTB (SDFFARX1)        0.00      0.24 r
  data arrival time                                          0.24

  clock FUN_UART_CLK (rise edge)                   0.00      0.00
  clock network delay (ideal)                      0.00      0.00
  RX_CLK_DIV/counter_reg[1]/CLK (SDFFARX1)         0.00      0.00 r
  clock uncertainty                                0.10      0.10
  library hold time                                0.39      0.49
  data required time                                         0.49
  ------------------------------------------------------------------------
  data required time                                         0.49
  data arrival time                                         -0.24
  ------------------------------------------------------------------------
  slack (VIOLATED)                                          -0.25



  Startpoint: RST_SYNC_2/sync_rst_reg[1] (rising edge-triggered flip-flop clocked by FUN_UART_CLK)
  Endpoint: RX_CLK_DIV/counter_reg[2] (removal check against rising-edge clock clocked by FUN_UART_CLK)
  Mode: default
  Corner: default
  Scenario: default
  Path Group: FUN_UART_CLK
  Path Type: min

  Point                                            Incr      Path  
  ------------------------------------------------------------------------
  clock FUN_UART_CLK (rise edge)                   0.00      0.00
  clock network delay (ideal)                      0.00      0.00

  RST_SYNC_2/sync_rst_reg[1]/CLK (SDFFARX1)        0.00      0.00 r
  RST_SYNC_2/sync_rst_reg[1]/Q (SDFFARX1)          0.11      0.11 r
  U6_MUX2x1/U2/Q (MUX21X1)                         0.06      0.17 r
  U10/Z (NBUFFX2)                                  0.07      0.24 r
  RX_CLK_DIV/counter_reg[2]/RSTB (SDFFARX1)        0.00      0.24 r
  data arrival time                                          0.24

  clock FUN_UART_CLK (rise edge)                   0.00      0.00
  clock network delay (ideal)                      0.00      0.00
  RX_CLK_DIV/counter_reg[2]/CLK (SDFFARX1)         0.00      0.00 r
  clock uncertainty                                0.10      0.10
  library hold time                                0.39      0.49
  data required time                                         0.49
  ------------------------------------------------------------------------
  data required time                                         0.49
  data arrival time                                         -0.24
  ------------------------------------------------------------------------
  slack (VIOLATED)                                          -0.25



  Startpoint: RST_SYNC_2/sync_rst_reg[1] (rising edge-triggered flip-flop clocked by FUN_UART_CLK)
  Endpoint: RX_CLK_DIV/counter_reg[3] (removal check against rising-edge clock clocked by FUN_UART_CLK)
  Mode: default
  Corner: default
  Scenario: default
  Path Group: FUN_UART_CLK
  Path Type: min

  Point                                            Incr      Path  
  ------------------------------------------------------------------------
  clock FUN_UART_CLK (rise edge)                   0.00      0.00
  clock network delay (ideal)                      0.00      0.00

  RST_SYNC_2/sync_rst_reg[1]/CLK (SDFFARX1)        0.00      0.00 r
  RST_SYNC_2/sync_rst_reg[1]/Q (SDFFARX1)          0.11      0.11 r
  U6_MUX2x1/U2/Q (MUX21X1)                         0.06      0.17 r
  U10/Z (NBUFFX2)                                  0.07      0.24 r
  RX_CLK_DIV/counter_reg[3]/RSTB (SDFFARX1)        0.00      0.24 r
  data arrival time                                          0.24

  clock FUN_UART_CLK (rise edge)                   0.00      0.00
  clock network delay (ideal)                      0.00      0.00
  RX_CLK_DIV/counter_reg[3]/CLK (SDFFARX1)         0.00      0.00 r
  clock uncertainty                                0.10      0.10
  library hold time                                0.39      0.49
  data required time                                         0.49
  ------------------------------------------------------------------------
  data required time                                         0.49
  data arrival time                                         -0.24
  ------------------------------------------------------------------------
  slack (VIOLATED)                                          -0.25



  Startpoint: RST_SYNC_2/sync_rst_reg[1] (rising edge-triggered flip-flop clocked by FUN_UART_CLK)
  Endpoint: RX_CLK_DIV/counter_reg[4] (removal check against rising-edge clock clocked by FUN_UART_CLK)
  Mode: default
  Corner: default
  Scenario: default
  Path Group: FUN_UART_CLK
  Path Type: min

  Point                                            Incr      Path  
  ------------------------------------------------------------------------
  clock FUN_UART_CLK (rise edge)                   0.00      0.00
  clock network delay (ideal)                      0.00      0.00

  RST_SYNC_2/sync_rst_reg[1]/CLK (SDFFARX1)        0.00      0.00 r
  RST_SYNC_2/sync_rst_reg[1]/Q (SDFFARX1)          0.11      0.11 r
  U6_MUX2x1/U2/Q (MUX21X1)                         0.06      0.17 r
  U10/Z (NBUFFX2)                                  0.07      0.24 r
  RX_CLK_DIV/counter_reg[4]/RSTB (SDFFARX1)        0.00      0.24 r
  data arrival time                                          0.24

  clock FUN_UART_CLK (rise edge)                   0.00      0.00
  clock network delay (ideal)                      0.00      0.00
  RX_CLK_DIV/counter_reg[4]/CLK (SDFFARX1)         0.00      0.00 r
  clock uncertainty                                0.10      0.10
  library hold time                                0.39      0.49
  data required time                                         0.49
  ------------------------------------------------------------------------
  data required time                                         0.49
  data arrival time                                         -0.24
  ------------------------------------------------------------------------
  slack (VIOLATED)                                          -0.25



  Startpoint: RST_SYNC_2/sync_rst_reg[1] (rising edge-triggered flip-flop clocked by FUN_UART_CLK)
  Endpoint: RX_CLK_DIV/counter_reg[5] (removal check against rising-edge clock clocked by FUN_UART_CLK)
  Mode: default
  Corner: default
  Scenario: default
  Path Group: FUN_UART_CLK
  Path Type: min

  Point                                            Incr      Path  
  ------------------------------------------------------------------------
  clock FUN_UART_CLK (rise edge)                   0.00      0.00
  clock network delay (ideal)                      0.00      0.00

  RST_SYNC_2/sync_rst_reg[1]/CLK (SDFFARX1)        0.00      0.00 r
  RST_SYNC_2/sync_rst_reg[1]/Q (SDFFARX1)          0.11      0.11 r
  U6_MUX2x1/U2/Q (MUX21X1)                         0.06      0.17 r
  U10/Z (NBUFFX2)                                  0.07      0.24 r
  RX_CLK_DIV/counter_reg[5]/RSTB (SDFFARX1)        0.00      0.24 r
  data arrival time                                          0.24

  clock FUN_UART_CLK (rise edge)                   0.00      0.00
  clock network delay (ideal)                      0.00      0.00
  RX_CLK_DIV/counter_reg[5]/CLK (SDFFARX1)         0.00      0.00 r
  clock uncertainty                                0.10      0.10
  library hold time                                0.39      0.49
  data required time                                         0.49
  ------------------------------------------------------------------------
  data required time                                         0.49
  data arrival time                                         -0.24
  ------------------------------------------------------------------------
  slack (VIOLATED)                                          -0.25



  Startpoint: RST_SYNC_2/sync_rst_reg[1] (rising edge-triggered flip-flop clocked by FUN_UART_CLK)
  Endpoint: RX_CLK_DIV/odd_flag_toggle_reg (removal check against rising-edge clock clocked by FUN_UART_CLK)
  Mode: default
  Corner: default
  Scenario: default
  Path Group: FUN_UART_CLK
  Path Type: min

  Point                                            Incr      Path  
  ------------------------------------------------------------------------
  clock FUN_UART_CLK (rise edge)                   0.00      0.00
  clock network delay (ideal)                      0.00      0.00

  RST_SYNC_2/sync_rst_reg[1]/CLK (SDFFARX1)        0.00      0.00 r
  RST_SYNC_2/sync_rst_reg[1]/Q (SDFFARX1)          0.11      0.11 r
  U6_MUX2x1/U2/Q (MUX21X1)                         0.06      0.17 r
  U10/Z (NBUFFX2)                                  0.07      0.24 r
  RX_CLK_DIV/odd_flag_toggle_reg/RSTB (SDFFARX1)   0.00      0.24 r
  data arrival time                                          0.24

  clock FUN_UART_CLK (rise edge)                   0.00      0.00
  clock network delay (ideal)                      0.00      0.00
  RX_CLK_DIV/odd_flag_toggle_reg/CLK (SDFFARX1)    0.00      0.00 r
  clock uncertainty                                0.10      0.10
  library hold time                                0.39      0.49
  data required time                                         0.49
  ------------------------------------------------------------------------
  data required time                                         0.49
  data arrival time                                         -0.24
  ------------------------------------------------------------------------
  slack (VIOLATED)                                          -0.25



  Startpoint: RST_SYNC_2/sync_rst_reg[1] (rising edge-triggered flip-flop clocked by FUN_UART_CLK)
  Endpoint: RX_CLK_DIV/counter_reg[6] (removal check against rising-edge clock clocked by FUN_UART_CLK)
  Mode: default
  Corner: default
  Scenario: default
  Path Group: FUN_UART_CLK
  Path Type: min

  Point                                            Incr      Path  
  ------------------------------------------------------------------------
  clock FUN_UART_CLK (rise edge)                   0.00      0.00
  clock network delay (ideal)                      0.00      0.00

  RST_SYNC_2/sync_rst_reg[1]/CLK (SDFFARX1)        0.00      0.00 r
  RST_SYNC_2/sync_rst_reg[1]/Q (SDFFARX1)          0.11      0.11 r
  U6_MUX2x1/U2/Q (MUX21X1)                         0.06      0.17 r
  U10/Z (NBUFFX2)                                  0.07      0.24 r
  RX_CLK_DIV/counter_reg[6]/RSTB (SDFFARX1)        0.00      0.24 r
  data arrival time                                          0.24

  clock FUN_UART_CLK (rise edge)                   0.00      0.00
  clock network delay (ideal)                      0.00      0.00
  RX_CLK_DIV/counter_reg[6]/CLK (SDFFARX1)         0.00      0.00 r
  clock uncertainty                                0.10      0.10
  library hold time                                0.39      0.49
  data required time                                         0.49
  ------------------------------------------------------------------------
  data required time                                         0.49
  data arrival time                                         -0.24
  ------------------------------------------------------------------------
  slack (VIOLATED)                                          -0.25



  Startpoint: RST_SYNC_2/sync_rst_reg[1] (rising edge-triggered flip-flop clocked by FUN_UART_CLK)
  Endpoint: RX_CLK_DIV/counter_reg[0] (removal check against rising-edge clock clocked by FUN_UART_CLK)
  Mode: default
  Corner: default
  Scenario: default
  Path Group: FUN_UART_CLK
  Path Type: min

  Point                                            Incr      Path  
  ------------------------------------------------------------------------
  clock FUN_UART_CLK (rise edge)                   0.00      0.00
  clock network delay (ideal)                      0.00      0.00

  RST_SYNC_2/sync_rst_reg[1]/CLK (SDFFARX1)        0.00      0.00 r
  RST_SYNC_2/sync_rst_reg[1]/Q (SDFFARX1)          0.11      0.11 r
  U6_MUX2x1/U2/Q (MUX21X1)                         0.06      0.17 r
  U10/Z (NBUFFX2)                                  0.07      0.24 r
  RX_CLK_DIV/counter_reg[0]/RSTB (SDFFARX1)        0.00      0.24 r
  data arrival time                                          0.24

  clock FUN_UART_CLK (rise edge)                   0.00      0.00
  clock network delay (ideal)                      0.00      0.00
  RX_CLK_DIV/counter_reg[0]/CLK (SDFFARX1)         0.00      0.00 r
  clock uncertainty                                0.10      0.10
  library hold time                                0.39      0.49
  data required time                                         0.49
  ------------------------------------------------------------------------
  data required time                                         0.49
  data arrival time                                         -0.24
  ------------------------------------------------------------------------
  slack (VIOLATED)                                          -0.25



  Startpoint: RST_SYNC_2/sync_rst_reg[1] (rising edge-triggered flip-flop clocked by FUN_UART_CLK)
  Endpoint: TX_CLK_DIV/counter_reg[1] (removal check against rising-edge clock clocked by FUN_UART_CLK)
  Mode: default
  Corner: default
  Scenario: default
  Path Group: FUN_UART_CLK
  Path Type: min

  Point                                            Incr      Path  
  ------------------------------------------------------------------------
  clock FUN_UART_CLK (rise edge)                   0.00      0.00
  clock network delay (ideal)                      0.00      0.00

  RST_SYNC_2/sync_rst_reg[1]/CLK (SDFFARX1)        0.00      0.00 r
  RST_SYNC_2/sync_rst_reg[1]/Q (SDFFARX1)          0.11      0.11 r
  U6_MUX2x1/U2/Q (MUX21X1)                         0.06      0.17 r
  U10/Z (NBUFFX2)                                  0.07      0.24 r
  TX_CLK_DIV/counter_reg[1]/RSTB (SDFFARX1)        0.00      0.24 r
  data arrival time                                          0.24

  clock FUN_UART_CLK (rise edge)                   0.00      0.00
  clock network delay (ideal)                      0.00      0.00
  TX_CLK_DIV/counter_reg[1]/CLK (SDFFARX1)         0.00      0.00 r
  clock uncertainty                                0.10      0.10
  library hold time                                0.39      0.49
  data required time                                         0.49
  ------------------------------------------------------------------------
  data required time                                         0.49
  data arrival time                                         -0.24
  ------------------------------------------------------------------------
  slack (VIOLATED)                                          -0.25



  Startpoint: RST_SYNC_1/sync_rst_reg[1] (rising edge-triggered flip-flop clocked by FUN_REF_CLK)
  Endpoint: U0_ALU/ALU_OUT_reg[15] (removal check against rising-edge clock clocked by ALU_CLK)
  Mode: default
  Corner: default
  Scenario: default
  Path Group: ALU_CLK
  Path Type: min

  Point                                            Incr      Path  
  ------------------------------------------------------------------------
  clock FUN_REF_CLK (rise edge)                    0.00      0.00
  clock network delay (ideal)                      0.00      0.00

  RST_SYNC_1/sync_rst_reg[1]/CLK (SDFFARX1)        0.00      0.00 r
  RST_SYNC_1/sync_rst_reg[1]/Q (SDFFARX1)          0.11      0.11 r
  U5_MUX2x1/U2/Q (MUX21X1)                         0.06      0.17 r
  U0_ALU/U190/Z (NBUFFX2)                          0.06      0.23 r
  U0_ALU/ALU_OUT_reg[15]/RSTB (SDFFARX1)           0.00      0.23 r
  data arrival time                                          0.23

  clock ALU_CLK (rise edge)                        0.00      0.00
  clock network delay (ideal)                      0.00      0.00
  U0_ALU/ALU_OUT_reg[15]/CLK (SDFFARX1)            0.00      0.00 r
  clock uncertainty                                0.10      0.10
  library hold time                                0.38      0.48
  data required time                                         0.48
  ------------------------------------------------------------------------
  data required time                                         0.48
  data arrival time                                         -0.23
  ------------------------------------------------------------------------
  slack (VIOLATED)                                          -0.25



  Startpoint: RST_SYNC_1/sync_rst_reg[1] (rising edge-triggered flip-flop clocked by FUN_REF_CLK)
  Endpoint: U0_ALU/ALU_OUT_reg[13] (removal check against rising-edge clock clocked by ALU_CLK)
  Mode: default
  Corner: default
  Scenario: default
  Path Group: ALU_CLK
  Path Type: min

  Point                                            Incr      Path  
  ------------------------------------------------------------------------
  clock FUN_REF_CLK (rise edge)                    0.00      0.00
  clock network delay (ideal)                      0.00      0.00

  RST_SYNC_1/sync_rst_reg[1]/CLK (SDFFARX1)        0.00      0.00 r
  RST_SYNC_1/sync_rst_reg[1]/Q (SDFFARX1)          0.11      0.11 r
  U5_MUX2x1/U2/Q (MUX21X1)                         0.06      0.17 r
  U0_ALU/U190/Z (NBUFFX2)                          0.06      0.23 r
  U0_ALU/ALU_OUT_reg[13]/RSTB (SDFFARX1)           0.00      0.23 r
  data arrival time                                          0.23

  clock ALU_CLK (rise edge)                        0.00      0.00
  clock network delay (ideal)                      0.00      0.00
  U0_ALU/ALU_OUT_reg[13]/CLK (SDFFARX1)            0.00      0.00 r
  clock uncertainty                                0.10      0.10
  library hold time                                0.38      0.48
  data required time                                         0.48
  ------------------------------------------------------------------------
  data required time                                         0.48
  data arrival time                                         -0.23
  ------------------------------------------------------------------------
  slack (VIOLATED)                                          -0.25



  Startpoint: RST_SYNC_1/sync_rst_reg[1] (rising edge-triggered flip-flop clocked by FUN_REF_CLK)
  Endpoint: U0_ALU/ALU_OUT_reg[14] (removal check against rising-edge clock clocked by ALU_CLK)
  Mode: default
  Corner: default
  Scenario: default
  Path Group: ALU_CLK
  Path Type: min

  Point                                            Incr      Path  
  ------------------------------------------------------------------------
  clock FUN_REF_CLK (rise edge)                    0.00      0.00
  clock network delay (ideal)                      0.00      0.00

  RST_SYNC_1/sync_rst_reg[1]/CLK (SDFFARX1)        0.00      0.00 r
  RST_SYNC_1/sync_rst_reg[1]/Q (SDFFARX1)          0.11      0.11 r
  U5_MUX2x1/U2/Q (MUX21X1)                         0.06      0.17 r
  U0_ALU/U190/Z (NBUFFX2)                          0.06      0.23 r
  U0_ALU/ALU_OUT_reg[14]/RSTB (SDFFARX1)           0.00      0.23 r
  data arrival time                                          0.23

  clock ALU_CLK (rise edge)                        0.00      0.00
  clock network delay (ideal)                      0.00      0.00
  U0_ALU/ALU_OUT_reg[14]/CLK (SDFFARX1)            0.00      0.00 r
  clock uncertainty                                0.10      0.10
  library hold time                                0.38      0.48
  data required time                                         0.48
  ------------------------------------------------------------------------
  data required time                                         0.48
  data arrival time                                         -0.23
  ------------------------------------------------------------------------
  slack (VIOLATED)                                          -0.25



  Startpoint: RST_SYNC_2/sync_rst_reg[1] (rising edge-triggered flip-flop clocked by FUN_UART_CLK)
  Endpoint: U0_ASYN_FIFO/U0_SYNC_W2R/q_reg[1][0] (removal check against rising-edge clock clocked by FUN_TX_CLK)
  Mode: default
  Corner: default
  Scenario: default
  Path Group: FUN_TX_CLK
  Path Type: min

  Point                                            Incr      Path  
  ------------------------------------------------------------------------
  clock FUN_UART_CLK (rise edge)                   0.00      0.00
  clock network delay (ideal)                      0.00      0.00

  RST_SYNC_2/sync_rst_reg[1]/CLK (SDFFARX1)        0.00      0.00 r
  RST_SYNC_2/sync_rst_reg[1]/Q (SDFFARX1)          0.11      0.11 r
  U6_MUX2x1/U2/Q (MUX21X1)                         0.06      0.17 r
  U9/Z (NBUFFX2)                                   0.07      0.24 r
  U0_ASYN_FIFO/U0_SYNC_W2R/q_reg[1][0]/RSTB (SDFFARX1)
                                                   0.00      0.24 r
  data arrival time                                          0.24

  clock FUN_TX_CLK (rise edge)                     0.00      0.00
  clock network delay (ideal)                      0.00      0.00
  U0_ASYN_FIFO/U0_SYNC_W2R/q_reg[1][0]/CLK (SDFFARX1)
                                                   0.00      0.00 r
  clock uncertainty                                0.10      0.10
  library hold time                                0.39      0.49
  data required time                                         0.49
  ------------------------------------------------------------------------
  data required time                                         0.49
  data arrival time                                         -0.24
  ------------------------------------------------------------------------
  slack (VIOLATED)                                          -0.25



  Startpoint: RST_SYNC_2/sync_rst_reg[1] (rising edge-triggered flip-flop clocked by FUN_UART_CLK)
  Endpoint: U0_ASYN_FIFO/U0_SYNC_W2R/q_reg[1][1] (removal check against rising-edge clock clocked by FUN_TX_CLK)
  Mode: default
  Corner: default
  Scenario: default
  Path Group: FUN_TX_CLK
  Path Type: min

  Point                                            Incr      Path  
  ------------------------------------------------------------------------
  clock FUN_UART_CLK (rise edge)                   0.00      0.00
  clock network delay (ideal)                      0.00      0.00

  RST_SYNC_2/sync_rst_reg[1]/CLK (SDFFARX1)        0.00      0.00 r
  RST_SYNC_2/sync_rst_reg[1]/Q (SDFFARX1)          0.11      0.11 r
  U6_MUX2x1/U2/Q (MUX21X1)                         0.06      0.17 r
  U9/Z (NBUFFX2)                                   0.07      0.24 r
  U0_ASYN_FIFO/U0_SYNC_W2R/q_reg[1][1]/RSTB (SDFFARX1)
                                                   0.00      0.24 r
  data arrival time                                          0.24

  clock FUN_TX_CLK (rise edge)                     0.00      0.00
  clock network delay (ideal)                      0.00      0.00
  U0_ASYN_FIFO/U0_SYNC_W2R/q_reg[1][1]/CLK (SDFFARX1)
                                                   0.00      0.00 r
  clock uncertainty                                0.10      0.10
  library hold time                                0.39      0.49
  data required time                                         0.49
  ------------------------------------------------------------------------
  data required time                                         0.49
  data arrival time                                         -0.24
  ------------------------------------------------------------------------
  slack (VIOLATED)                                          -0.25



  Startpoint: RST_SYNC_2/sync_rst_reg[1] (rising edge-triggered flip-flop clocked by FUN_UART_CLK)
  Endpoint: U0_ASYN_FIFO/U0_SYNC_W2R/q_reg[1][2] (removal check against rising-edge clock clocked by FUN_TX_CLK)
  Mode: default
  Corner: default
  Scenario: default
  Path Group: FUN_TX_CLK
  Path Type: min

  Point                                            Incr      Path  
  ------------------------------------------------------------------------
  clock FUN_UART_CLK (rise edge)                   0.00      0.00
  clock network delay (ideal)                      0.00      0.00

  RST_SYNC_2/sync_rst_reg[1]/CLK (SDFFARX1)        0.00      0.00 r
  RST_SYNC_2/sync_rst_reg[1]/Q (SDFFARX1)          0.11      0.11 r
  U6_MUX2x1/U2/Q (MUX21X1)                         0.06      0.17 r
  U9/Z (NBUFFX2)                                   0.07      0.24 r
  U0_ASYN_FIFO/U0_SYNC_W2R/q_reg[1][2]/RSTB (SDFFARX1)
                                                   0.00      0.24 r
  data arrival time                                          0.24

  clock FUN_TX_CLK (rise edge)                     0.00      0.00
  clock network delay (ideal)                      0.00      0.00
  U0_ASYN_FIFO/U0_SYNC_W2R/q_reg[1][2]/CLK (SDFFARX1)
                                                   0.00      0.00 r
  clock uncertainty                                0.10      0.10
  library hold time                                0.39      0.49
  data required time                                         0.49
  ------------------------------------------------------------------------
  data required time                                         0.49
  data arrival time                                         -0.24
  ------------------------------------------------------------------------
  slack (VIOLATED)                                          -0.25



  Startpoint: RST_SYNC_2/sync_rst_reg[1] (rising edge-triggered flip-flop clocked by FUN_UART_CLK)
  Endpoint: U0_ASYN_FIFO/U0_SYNC_W2R/q_reg[1][3] (removal check against rising-edge clock clocked by FUN_TX_CLK)
  Mode: default
  Corner: default
  Scenario: default
  Path Group: FUN_TX_CLK
  Path Type: min

  Point                                            Incr      Path  
  ------------------------------------------------------------------------
  clock FUN_UART_CLK (rise edge)                   0.00      0.00
  clock network delay (ideal)                      0.00      0.00

  RST_SYNC_2/sync_rst_reg[1]/CLK (SDFFARX1)        0.00      0.00 r
  RST_SYNC_2/sync_rst_reg[1]/Q (SDFFARX1)          0.11      0.11 r
  U6_MUX2x1/U2/Q (MUX21X1)                         0.06      0.17 r
  U9/Z (NBUFFX2)                                   0.07      0.24 r
  U0_ASYN_FIFO/U0_SYNC_W2R/q_reg[1][3]/RSTB (SDFFARX1)
                                                   0.00      0.24 r
  data arrival time                                          0.24

  clock FUN_TX_CLK (rise edge)                     0.00      0.00
  clock network delay (ideal)                      0.00      0.00
  U0_ASYN_FIFO/U0_SYNC_W2R/q_reg[1][3]/CLK (SDFFARX1)
                                                   0.00      0.00 r
  clock uncertainty                                0.10      0.10
  library hold time                                0.39      0.49
  data required time                                         0.49
  ------------------------------------------------------------------------
  data required time                                         0.49
  data arrival time                                         -0.24
  ------------------------------------------------------------------------
  slack (VIOLATED)                                          -0.25



  Startpoint: RST_SYNC_2/sync_rst_reg[1] (rising edge-triggered flip-flop clocked by FUN_UART_CLK)
  Endpoint: U0_ASYN_FIFO/U0_SYNC_W2R/q_reg[0][2] (removal check against rising-edge clock clocked by FUN_TX_CLK)
  Mode: default
  Corner: default
  Scenario: default
  Path Group: FUN_TX_CLK
  Path Type: min

  Point                                            Incr      Path  
  ------------------------------------------------------------------------
  clock FUN_UART_CLK (rise edge)                   0.00      0.00
  clock network delay (ideal)                      0.00      0.00

  RST_SYNC_2/sync_rst_reg[1]/CLK (SDFFARX1)        0.00      0.00 r
  RST_SYNC_2/sync_rst_reg[1]/Q (SDFFARX1)          0.11      0.11 r
  U6_MUX2x1/U2/Q (MUX21X1)                         0.06      0.17 r
  U9/Z (NBUFFX2)                                   0.07      0.24 r
  U0_ASYN_FIFO/U0_SYNC_W2R/q_reg[0][2]/RSTB (SDFFARX1)
                                                   0.00      0.24 r
  data arrival time                                          0.24

  clock FUN_TX_CLK (rise edge)                     0.00      0.00
  clock network delay (ideal)                      0.00      0.00
  U0_ASYN_FIFO/U0_SYNC_W2R/q_reg[0][2]/CLK (SDFFARX1)
                                                   0.00      0.00 r
  clock uncertainty                                0.10      0.10
  library hold time                                0.39      0.49
  data required time                                         0.49
  ------------------------------------------------------------------------
  data required time                                         0.49
  data arrival time                                         -0.24
  ------------------------------------------------------------------------
  slack (VIOLATED)                                          -0.25



  Startpoint: RST_SYNC_2/sync_rst_reg[1] (rising edge-triggered flip-flop clocked by FUN_UART_CLK)
  Endpoint: U0_ASYN_FIFO/U0_FIFO_RD/r_ptr_reg[3] (removal check against rising-edge clock clocked by FUN_TX_CLK)
  Mode: default
  Corner: default
  Scenario: default
  Path Group: FUN_TX_CLK
  Path Type: min

  Point                                            Incr      Path  
  ------------------------------------------------------------------------
  clock FUN_UART_CLK (rise edge)                   0.00      0.00
  clock network delay (ideal)                      0.00      0.00

  RST_SYNC_2/sync_rst_reg[1]/CLK (SDFFARX1)        0.00      0.00 r
  RST_SYNC_2/sync_rst_reg[1]/Q (SDFFARX1)          0.11      0.11 r
  U6_MUX2x1/U2/Q (MUX21X1)                         0.06      0.17 r
  U9/Z (NBUFFX2)                                   0.07      0.24 r
  U0_ASYN_FIFO/U0_FIFO_RD/r_ptr_reg[3]/RSTB (SDFFARX1)
                                                   0.00      0.24 r
  data arrival time                                          0.24

  clock FUN_TX_CLK (rise edge)                     0.00      0.00
  clock network delay (ideal)                      0.00      0.00
  U0_ASYN_FIFO/U0_FIFO_RD/r_ptr_reg[3]/CLK (SDFFARX1)
                                                   0.00      0.00 r
  clock uncertainty                                0.10      0.10
  library hold time                                0.39      0.49
  data required time                                         0.49
  ------------------------------------------------------------------------
  data required time                                         0.49
  data arrival time                                         -0.24
  ------------------------------------------------------------------------
  slack (VIOLATED)                                          -0.25


1
