****************************************
Report : port
Module : SYSTEM_TOP
Mode   : default
Corner : default
Scenario: default
Version: O-2018.06-SP1
Date   : Wed Sep  3 14:32:31 2025
****************************************
                      Pin Cap                    Wire Cap
                   Min          Max           Min          Max
Port      Dir    rise/fall    rise/fall     rise/fall    rise/fall    Attributes
--------------------------------------------------------------------------------
FUN_REF_CLK
          in     0.00/0.00    0.00/0.00     0.00/0.00    0.00/0.00
FUN_RST   in     0.00/0.00    0.00/0.00     0.00/0.00    0.00/0.00
FUN_UART_CLK
          in     0.00/0.00    0.00/0.00     0.00/0.00    0.00/0.00
RX_IN     in     0.00/0.00    0.00/0.00     0.00/0.00    0.00/0.00
SCAN_CLK  in     0.00/0.00    0.00/0.00     0.00/0.00    0.00/0.00
SCAN_EN   in     0.00/0.00    0.00/0.00     0.00/0.00    0.00/0.00
SCAN_IN_1 in     0.00/0.00    0.00/0.00     0.00/0.00    0.00/0.00
SCAN_IN_2 in     0.00/0.00    0.00/0.00     0.00/0.00    0.00/0.00
SCAN_IN_3 in     0.00/0.00    0.00/0.00     0.00/0.00    0.00/0.00
SCAN_IN_4 in     0.00/0.00    0.00/0.00     0.00/0.00    0.00/0.00
SCAN_RST  in     0.00/0.00    0.00/0.00     0.00/0.00    0.00/0.00
TEST_MODE in     0.00/0.00    0.00/0.00     0.00/0.00    0.00/0.00
1
