****************************************
Report : report_utilization
Design : SYSTEM_TOP
Version: O-2018.06-SP1
Date   : Wed Sep  3 14:32:34 2025
****************************************
Utilization Ratio:			0.5029
Utilization options:
 - Area calculation based on:		site_row of block SYSTEM_TOP_fp
 - Categories of objects excluded:	hard_macros macro_keepouts soft_macros io_cells hard_blockages 
Total Area:				61662.4128
Total Capacity Area:			61662.4128
Total Area of cells:			31009.0752
Area of excluded objects:
 - hard_macros         :		0.0000
 - macro_keepouts      :		0.0000
 - soft_macros         :		0.0000
 - io_cells            :		0.0000
 - hard_blockages      :		0.0000

Utilization of site-rows with:
 - Site 'unit':				0.5029

0.5029
