SpyGlass run started at 09:31:07 pm on Aug 24 2025 

SpyGlass Predictive Analyzer(R) - Version SpyGlass_vL-2016.06
Last compiled on May 20 2016

All Rights Reserved. Use, disclosure or duplication
without prior written permission of Synopsys Inc. is prohibited.
Technical support: email spyglass_support@synopsys.com.


Running SpyGlass 64-bit Executable: /home/synopsys/SpyGlass-L2016.06/SPYGLASS_HOME/obj/check.Linux4

RULE-CHECKING IN MIXED MODE
Loading Policy: spyglass (Version: SpyGlass_vL-2016.06) from path: /home/synopsys/SpyGlass-L2016.06/SPYGLASS_HOME/policies/spyglass
Loading Shared library libspyglassrules-Linux4.spyso from /home/synopsys/SpyGlass-L2016.06/SPYGLASS_HOME/lib/libspyglassrules-Linux4.spyso 
Loading Shared library libsdcInitRules-Linux4.spyso from /home/synopsys/SpyGlass-L2016.06/SPYGLASS_HOME/lib/libsdcInitRules-Linux4.spyso 
Loading Shared library librmerules-Linux4.spyso from /home/synopsys/SpyGlass-L2016.06/SPYGLASS_HOME/lib/librmerules-Linux4.spyso 
##build_id : SpyGlass_vL-2016.06
##system   : Linux IC_EDA 3.10.0-1160.6.1.el7.x86_64 #1 SMP Tue Nov 17 13:59:11 UTC 2020 x86_64
##cwd      : /home/ICer/Projects/Digital_System(RTL-to-GDSII)/spyglass/runs
##lang     : Verilog+VHDL
##args     : -mSpyGlass::Compatibility::v2_7_3 \
             -mSpyGlass::Compatibility::v2_7_3 \
             -mSpyGlass::Compatibility::v2_7_3 \
             -lib WORK ./system_top_spyglass/WORK \
             -nl \
             -policy='none' \
             -mixed \
             -batch \
             -wdir './system_top_spyglass/Design_Read' \
             -sgdc '../cons/constraints.sgdc' \
             -templatedir '/home/synopsys/SpyGlass-L2016.06/SPYGLASS_HOME/auxi/policy_data/spyglass/design_read' \
             --goal_info 'Design_Read@' \
             --template_info 'Design_Read' \
             -projectwdir './system_top_spyglass' \
             -sdc_generated_clocks 'yes' \
             -64bit  \
             ../rtl/ALU.v \
             ../rtl/ASYNC_FIFO.v \
             ../rtl/BIT_SYNC.v \
             ../rtl/CLK_GATE.v \
             ../rtl/ClkDiv.v \
             ../rtl/controller_fsm.v \
             ../rtl/data_sampling.v \
             ../rtl/DATA_SYNC.v \
             ../rtl/deserializer.v \
             ../rtl/edge_bit_counter.v \
             ../rtl/FIFO_MEM_CNTRL.v \
             ../rtl/FIFO_RD.v \
             ../rtl/FIFO_WR.v \
             ../rtl/mux4x1.v \
             ../rtl/parity_calc.v \
             ../rtl/parity_check.v \
             ../rtl/Prescale_mux.v \
             ../rtl/PULSE_GEN.v \
             ../rtl/REG_FILE.v \
             ../rtl/RST_SYNC.v \
             ../rtl/serializer.v \
             ../rtl/stop_check.v \
             ../rtl/strt_check.v \
             ../rtl/SYS_CTRL.v \
             ../rtl/SYSTEM_TOP.v \
             ../rtl/UART.v \
             ../rtl/UART_RX.v \
             ../rtl/uart_rx_fsm.v \
             ../rtl/UART_TX.v

##verbosity level   : 2
##exact cmdline arg : -batch -project /home/ICer/Projects/Digital_System(RTL-to-GDSII)/spyglass/runs/system_top_spyglass.prj -designread  -64bit
##spyglass_run.csh begins :
;	cd /home/ICer/Projects/Digital_System(RTL-to-GDSII)/spyglass/runs
;	setenv SPYGLASS_LD_PRELOAD /home/synopsys/SpyGlass-L2016.06/SPYGLASS_HOME/lib/libsgjemalloc-Linux4.so
;	setenv SPYGLASS_DW_PATH /home/synopsys/SpyGlass-L2016.06/SPYGLASS_HOME/dw_support
;	/home/synopsys/SpyGlass-L2016.06/SPYGLASS_HOME/bin/spyglass  -batch -project /home/ICer/Projects/Digital_System(RTL-to-GDSII)/spyglass/runs/system_top_spyglass.prj -designread  -64bit
##spyglass_run.csh ends
##files    : ../rtl/ALU.v \
             ../rtl/ASYNC_FIFO.v \
             ../rtl/BIT_SYNC.v \
             ../rtl/CLK_GATE.v \
             ../rtl/ClkDiv.v \
             ../rtl/controller_fsm.v \
             ../rtl/data_sampling.v \
             ../rtl/DATA_SYNC.v \
             ../rtl/deserializer.v \
             ../rtl/edge_bit_counter.v \
             ../rtl/FIFO_MEM_CNTRL.v \
             ../rtl/FIFO_RD.v \
             ../rtl/FIFO_WR.v \
             ../rtl/mux4x1.v \
             ../rtl/parity_calc.v \
             ../rtl/parity_check.v \
             ../rtl/Prescale_mux.v \
             ../rtl/PULSE_GEN.v \
             ../rtl/REG_FILE.v \
             ../rtl/RST_SYNC.v \
             ../rtl/serializer.v \
             ../rtl/stop_check.v \
             ../rtl/strt_check.v \
             ../rtl/SYS_CTRL.v \
             ../rtl/SYSTEM_TOP.v \
             ../rtl/UART.v \
             ../rtl/UART_RX.v \
             ../rtl/uart_rx_fsm.v \
             ../rtl/UART_TX.v

 Reading sgdc file "../cons/constraints.sgdc" ...
Performing unification checks on SGDC... done

INFO [76]    Using `./system_top_spyglass/WORK/64' as the Work Directory for 64bit precompiled dump.
Checking Rule ZeroSizeFile (Rule 1 of total 103) .... done (Time = 0.00s, Memory = -32.0K)
Checking Rule PrecompileLibCheck01 (Rule 2 of total 103) .... done (Time = 0.00s, Memory = 0.0K)
Checking Rule PrecompileLibCheck02 (Rule 3 of total 103) .... done (Time = 0.00s, Memory = 3.4K)
Checking Rule PrecompileLibCheck03 (Rule 4 of total 103) .... done (Time = 0.00s, Memory = 0.2K)
Checking Rule PrecompileLibCheck04 (Rule 5 of total 103) .... done (Time = 0.00s, Memory = 0.0K)
Checking Rule SGDC_assume_path01 (Rule 6 of total 103) .... done (Time = 0.00s, Memory = 0.0K)
Checking Rule SGDC_sdcschema02 (Rule 7 of total 103) .... done (Time = 0.00s, Memory = 0.0K)
Checking Rule SGDC_clock05 (Rule 8 of total 103) .... done (Time = 0.00s, Memory = 0.0K)
Checking Rule SGDC_clock09 (Rule 9 of total 103) .... done (Time = 0.00s, Memory = 0.0K)
Checking Rule SGDC_force_ta05 (Rule 10 of total 103) .... done (Time = 0.00s, Memory = 0.6K)
Checking Rule SGDC_require_path03 (Rule 11 of total 103) .... done (Time = 0.00s, Memory = 0.0K)
Checking Rule SGDC_require_value03 (Rule 12 of total 103) .... done (Time = 0.00s, Memory = -0.1K)
Checking Rule SGDC_voltagedomain05 (Rule 13 of total 103) .... done (Time = 0.00s, Memory = 0.0K)
Checking Rule SGDC_voltagedomain06 (Rule 14 of total 103) .... done (Time = 0.00s, Memory = 0.0K)
Checking Rule SGDC_voltagedomain07 (Rule 15 of total 103) .... done (Time = 0.00s, Memory = 15.0K)
Checking Rule SGDC_powerdomainoutputs02 (Rule 16 of total 103) .... done (Time = 0.00s, Memory = 0.0K)
Checking Rule SGDC_supply01 (Rule 17 of total 103) .... done (Time = 0.00s, Memory = 16.0K)
Checking Rule SGDC_waive01 (Rule 18 of total 103) .... done (Time = 0.00s, Memory = 32.0K)
Checking Rule SGDC_waive02 (Rule 19 of total 103) .... done (Time = 0.00s, Memory = -0.5K)
Checking Rule SGDC_waive03 (Rule 20 of total 103) .... done (Time = 0.00s, Memory = 0.0K)
Checking Rule SGDC_waive04 (Rule 21 of total 103) .... done (Time = 0.00s, Memory = 0.0K)
Checking Rule SGDC_waive05 (Rule 22 of total 103) .... done (Time = 0.00s, Memory = 0.0K)
Checking Rule SGDC_waive06 (Rule 23 of total 103) .... done (Time = 0.00s, Memory = 0.0K)
Checking Rule SGDC_waive07 (Rule 24 of total 103) .... done (Time = 0.00s, Memory = 0.0K)
Checking Rule SGDC_waive08 (Rule 25 of total 103) .... done (Time = 0.00s, Memory = -0.7K)
Checking Rule SGDC_waive09 (Rule 26 of total 103) .... done (Time = 0.00s, Memory = 4.1K)
Checking Rule SGDC_waive10 (Rule 27 of total 103) .... done (Time = 0.00s, Memory = 0.7K)
Checking Rule SGDC_waive11 (Rule 28 of total 103) .... done (Time = 0.00s, Memory = -32.8K)
Checking Rule SGDC_waive12 (Rule 29 of total 103) .... done (Time = 0.00s, Memory = -1.1K)
Checking Rule SGDC_waive13 (Rule 30 of total 103) .... done (Time = 0.00s, Memory = 32.2K)
Checking Rule SGDC_waive21 (Rule 31 of total 103) .... done (Time = 0.00s, Memory = 0.6K)
Checking Rule SGDC_waive22 (Rule 32 of total 103) .... done (Time = 0.00s, Memory = -32.0K)
Checking Rule SGDC_waive30 (Rule 33 of total 103) .... done (Time = 0.00s, Memory = -0.4K)
Checking Rule SGDC_waive32 (Rule 34 of total 103) .... done (Time = 0.00s, Memory = 0.6K)
Checking Rule SGDC_waive33 (Rule 35 of total 103) .... done (Time = 0.00s, Memory = 0.0K)
Checking Rule SGDC_waive36 (Rule 36 of total 103) .... done (Time = 0.00s, Memory = 0.0K)
Checking Rule SGDC_waive38 (Rule 37 of total 103) .... done (Time = 0.00s, Memory = 0.0K)
Checking Rule SGDC_fifo01 (Rule 38 of total 103) .... done (Time = 0.00s, Memory = 0.0K)
Checking Rule SGDC_libgroup01 (Rule 39 of total 103) .... done (Time = 0.00s, Memory = 0.0K)
Checking Rule SGDC_libgroup02 (Rule 40 of total 103) .... done (Time = 0.00s, Memory = -0.5K)
Checking Rule SGDC_libgroup04 (Rule 41 of total 103) .... done (Time = 0.00s, Memory = 0.9K)
Checking Rule SGDC_power_data01 (Rule 42 of total 103) .... done (Time = 0.00s, Memory = 14.9K)
Checking Rule SGDC_ungroup01 (Rule 43 of total 103) .... done (Time = 0.00s, Memory = 0.9K)
Checking Rule SGDC_abstract_port06 (Rule 44 of total 103) .... done (Time = 0.00s, Memory = 14.2K)
Checking Rule SGDC_abstract_port14 (Rule 45 of total 103) .... done (Time = 0.00s, Memory = 0.0K)
Checking Rule SGDC_abstract_port15 (Rule 46 of total 103) .... done (Time = 0.00s, Memory = 0.0K)
Checking Rule SGDC_abstract_port18 (Rule 47 of total 103) .... done (Time = 0.00s, Memory = -8.0K)
Checking Rule sdc_init_rule (Rule 48 of total 103) .... done (Time = 0.00s, Memory = 80.6K)
Checking Rule CMD_ignorelibs01 (Rule 49 of total 103) .... done (Time = 0.00s, Memory = 0.0K)
Checking Rule ReportRuleNotRun (Rule 50 of total 103) .... done (Time = 0.00s, Memory = 0.0K)
Checking Rule ReportStopSummary (Rule 51 of total 103) .... done (Time = 0.00s, Memory = 0.0K)
Checking Rule ReportIgnoreSummary (Rule 52 of total 103) .... done (Time = 0.00s, Memory = 0.0K)
##SGDEBUG [BENCHMARK_ABSOLUTE]: Analysis started: 0 sec, 949883 KB, 2863884 KB
##SGDEBUG [BENCHMARK_INCR]: Analysis started: 0 sec, 949883 KB, 2863884 KB
 Analyzing source file "../rtl/ALU.v" ....
 Analyzing source file "../rtl/ASYNC_FIFO.v" ....
 Analyzing source file "../rtl/BIT_SYNC.v" ....
 Analyzing source file "../rtl/CLK_GATE.v" ....
 Analyzing source file "../rtl/ClkDiv.v" ....
 Analyzing source file "../rtl/controller_fsm.v" ....
 Analyzing source file "../rtl/data_sampling.v" ....
 Analyzing source file "../rtl/DATA_SYNC.v" ....
 Analyzing source file "../rtl/deserializer.v" ....
 Analyzing source file "../rtl/edge_bit_counter.v" ....
 Analyzing source file "../rtl/FIFO_MEM_CNTRL.v" ....
 Analyzing source file "../rtl/FIFO_RD.v" ....
 Analyzing source file "../rtl/FIFO_WR.v" ....
 Analyzing source file "../rtl/mux4x1.v" ....
 Analyzing source file "../rtl/parity_calc.v" ....
 Analyzing source file "../rtl/parity_check.v" ....
 Analyzing source file "../rtl/Prescale_mux.v" ....
 Analyzing source file "../rtl/PULSE_GEN.v" ....
 Analyzing source file "../rtl/REG_FILE.v" ....
 Analyzing source file "../rtl/RST_SYNC.v" ....
 Analyzing source file "../rtl/serializer.v" ....
 Analyzing source file "../rtl/stop_check.v" ....
 Analyzing source file "../rtl/strt_check.v" ....
 Analyzing source file "../rtl/SYS_CTRL.v" ....
 Analyzing source file "../rtl/SYSTEM_TOP.v" ....
 Analyzing source file "../rtl/UART.v" ....
 Analyzing source file "../rtl/UART_RX.v" ....
 Analyzing source file "../rtl/uart_rx_fsm.v" ....
 Analyzing source file "../rtl/UART_TX.v" ....
##SGDEBUG [BENCHMARK_ABSOLUTE]: Analysis finished: 1 sec, 1015773 KB, 2929932 KB
##SGDEBUG [BENCHMARK_INCR]: Analysis finished: 1 sec, 65890 KB, 66048 KB
##SGDEBUG [BENCHMARK_ABSOLUTE]: Elaboration started: 1 sec, 1015777 KB, 2929932 KB
##SGDEBUG [BENCHMARK_INCR]: Elaboration started: 0 sec, 4 KB, 0 KB
 Elaborating Top Verilog Design Unit 'SYSTEM_TOP' .....
 done
##SGDEBUG [BENCHMARK_ABSOLUTE]: Elaboration finished: 1 sec, 1081685 KB, 2995724 KB
##SGDEBUG [BENCHMARK_INCR]: Elaboration finished: 0 sec, 65908 KB, 65792 KB
##SGDEBUG [BENCHMARK_ABSOLUTE]: RTL Semantic Checker started: 1 sec, 1081685 KB, 2995724 KB
##SGDEBUG [BENCHMARK_INCR]: RTL Semantic Checker started: 0 sec, 0 KB, 0 KB
##SGDEBUG [BENCHMARK_ABSOLUTE]: RTL Semantic Checker finished: 1 sec, 1081703 KB, 2995724 KB
##SGDEBUG [BENCHMARK_INCR]: RTL Semantic Checker finished: 0 sec, 18 KB, 0 KB
Checking Rule ElabSummary (Rule 53 of total 103)##FILEDEBUG[sgOpenFile]: Opening File './system_top_spyglass/Design_Read/spyglass_reports/SpyGlass/elab_summary.rpt' in "w" mode ...
##FILEDEBUG[sgCloseFile]: File './system_top_spyglass/Design_Read/spyglass_reports/SpyGlass/elab_summary.rpt' closed.
 .... done (Time = 0.00s, Memory = 6.4K)
Checking Rule ReportCheckDataSummary (Rule 54 of total 103) .... done (Time = 0.00s, Memory = 0.0K)
 Reading waiver file "./system_top_spyglass/Design_Read/spyglass_spysch/constraint/spg_autogenerated_waivers.sgdc" ...
 Generating WAIVER file "./system_top_spyglass/Design_Read/spyglass_spysch/waiver/pragma2Waiver.swl" from pragmas in HDL source files ....
Checking Rule SGDC_waive37 (Rule 55 of total 103) .... done (Time = 0.00s, Memory = -7.4K)
Checking Rule SGDC_waive35 (Rule 56 of total 103) .... done (Time = 0.00s, Memory = -32.0K)
Checking Rule DetectTopDesignUnits (Rule 57 of total 103) Detected 1 top level design units: 
     SYSTEM_TOP
 .... done (Time = 0.00s, Memory = 2.7K)
Performing semantic checks on SGDC contents
..... SGDC semantic checks completed. (Time = 0.00s, Memory = 52.8K)
Checking Rule SGDC_testmode03 (Rule 58 of total 103) .... done (Time = 0.00s, Memory = 0.0K)
Checking Rule ReportObsoletePragmas (Rule 59 of total 103) .... done (Time = 0.00s, Memory = 0.0K)
Checking Rule checkSGDC_01 (Rule 60 of total 103) .... done (Time = 0.00s, Memory = 0.0K)
Checking Rule checkSGDC_03 (Rule 61 of total 103) .... done (Time = 0.00s, Memory = 0.2K)
Checking Rule checkSGDC_08 (Rule 62 of total 103) .... done (Time = 0.00s, Memory = 0.0K)
Checking Rule GenerateConfMap (Rule 63 of total 103) .... done (Time = 0.00s, Memory = 0.0K)
Checking Rule SGDC_memorywritepin04 (Rule 64 of total 103) .... done (Time = 0.00s, Memory = 14.2K)
Checking Rule SGDC_reset02 (Rule 65 of total 103) .... done (Time = 0.00s, Memory = 15.1K)
Checking Rule SGDC_reset03 (Rule 66 of total 103) .... done (Time = 0.00s, Memory = 0.0K)
Checking Rule SGDC_libgroup03 (Rule 67 of total 103) .... done (Time = 0.00s, Memory = 4.0K)
Checking Rule SGDC_ungroup02 (Rule 68 of total 103) .... done (Time = 0.00s, Memory = 8.0K)
Checking Rule HdlLibDuCheck (Rule 69 of total 103) .... done (Time = 0.00s, Memory = -8.0K)
Checking Rule RtlDesignInfo (Rule 70 of total 103)
##SGDEBUG [BENCHMARK_DATA]: Number of RTL Design Units = 29
##SGDEBUG: RTL statistics for Verilog design units:
##SGDEBUG[BENCHMARK_DATA]: RTL Ports = 214 525 55
##SGDEBUG[BENCHMARK_DATA]: RTL Insts = 58
##SGDEBUG[BENCHMARK_DATA]: RTL Nets = 89 296 43
##SGDEBUG[BENCHMARK_DATA]: RTL Terms = 279 547 56

##SGDEBUG: NOTE: Following estimated data is applicable for structural designs only.
##SGDEBUG:     In case of RTL designs, this data may differ significantly from the actual figure.
##SGDEBUG[BENCHMARK_DATA]: Estimated Flat Insts = 28
##SGDEBUG[BENCHMARK_DATA]: Estimated Flat Nets = 180
##SGDEBUG[BENCHMARK_DATA]: Estimated Flat Terms = 436
##SGDEBUG[BENCHMARK_DATA]: Estimated Flat Paths = 6
 .... done (Time = 0.00s, Memory = 13.3K)
Checking Rule CheckCelldefine (Rule 71 of total 103) .... done (Time = 0.00s, Memory = 0.0K)
Checking Rule SGDC_waive23 (Rule 72 of total 103) .... done (Time = 0.00s, Memory = 0.0K)
Checking Rule SGDC_waive26 (Rule 73 of total 103) .... done (Time = 0.00s, Memory = 0.0K)
Checking Rule SGDC_waive27 (Rule 74 of total 103) .... done (Time = 0.00s, Memory = 0.0K)
Checking Rule SGDC_waive29 (Rule 75 of total 103) .... done (Time = 0.00s, Memory = 0.0K)
Checking Rule AnalyzeBBox (Rule 76 of total 103) .... done (Time = 0.00s, Memory = 0.2K)
Checking Rule ReportCheckDataSummary (Rule 54 of total 103) .... done (Time = 0.00s, Memory = 0.0K)
Checking Rule SGDC_waive24 (Rule 77 of total 103) .... done (Time = 0.00s, Memory = 0.0K)
Checking Rule SGDC_waive25 (Rule 78 of total 103) .... done (Time = 0.00s, Memory = 3.1K)
Checking Rule SGDC_waive31 (Rule 79 of total 103) .... done (Time = 0.00s, Memory = 0.0K)

Generating data for Console...
##SGDEBUG [PEAK_MEMORY]: 2995724 KB for entire run at 'Elaboration finished' stage
##SGDEBUG [VMPEAK_MEMORY]: 3123568 KB for entire run
##SGDEBUG [BENCHMARK_ABSOLUTE]: Rule checking finished: 1 sec, 1083377 KB, 2995696 KB
##SGDEBUG [BENCHMARK_INCR]: Rule checking finished: 0 sec, 1674 KB, -28 KB


=====================================================================================
							Rule Parameter Table
=====================================================================================

	PARAMETER-NAME                                     VALUE
-------------------------------------------------------------------------------------
	-allow_clock_on_output_port                        no
	-check_clock_group_violations                      no
	-debug_proc                                        no
	-force_genclk_for_txv                              no
	-library_gen_clock_naming                          yes
	-netlist_clock_polarity                            yes
	-populate_comboelements_for_minmax_in_fromto       no
	-preserve_path                                     no
	-pt                                                no
	-show_all_sdc_violations                           no
	-show_sdc_progress                                 no
	-suppress_sdc_violation_in_abstract                no
	-tc_disable_caching                                no
	-tc_stop_parsing_ignored_commands                  no
	-truncate_through                                  yes
	-write_sdc                                         no
=====================================================================================



=====================================================================================
                               Rule Status Table

 RULE-NAME                      POLICY-NAME     ENABLED VIOL-CNT RULE-TYPE   ERROR-MSG         
=====================================================================================
 ElabSummary                    SpyGlass        Yes            1 SETUP          -               
 DetectTopDesignUnits           SpyGlass        Yes            1 RTLALLDULIST   -               
-------------------------------------------------------------------------------------
Note: VSDU type of rules (as seen in the above table) are not run on
      unsynthesized modules reported by 'ErrorAnalyzeBBox/InfoAnalyzeBBox' messages
      (Please see messages starting with keyword 'UnsynthesizedDU')

##status : SpyGlass Rule Checking Complete.

---------------------------------------------------------------------------------------------
Results Summary:
---------------------------------------------------------------------------------------------
   Goal Run           :      Design_Read
   Command-line read  :      0 error,      0 warning,      0 information message 
   Design Read        :      0 error,      0 warning,      2 information messages
      Found 1 top module:
         SYSTEM_TOP   (file: ../rtl/SYSTEM_TOP.v)

   Blackbox Resolution:      0 error,      0 warning,      0 information message 
   SGDC Checks        :      0 error,      0 warning,      0 information message 
   -------------------------------------------------------------------------------------
   Total              :      0 error,      0 warning,      2 information messages

  Total Number of Generated Messages     :         2 (0 error, 0 warning, 2 Infos)
  Number of Reported Messages            :         2 (0 error, 0 warning, 2 Infos)

---------------------------------------------------------------------------------------------



SpyGlass Rule Checking Complete.

Generating moresimple report from './system_top_spyglass/Design_Read/spyglass.vdb' to './system_top_spyglass/Design_Read/spyglass_reports/moresimple.rpt' ....

Generating runsummary report from './system_top_spyglass/Design_Read/spyglass.vdb' ....

Generating no_msg_reporting_rules report from './system_top_spyglass/Design_Read/spyglass.vdb' to './system_top_spyglass/Design_Read/spyglass_reports/no_msg_reporting_rules.rpt' ....

Policy specific data (reports) are present in the directory './system_top_spyglass/Design_Read/spyglass_reports'.

SpyGlass critical reports for the current run are present in directory './system_top_spyglass/consolidated_reports/Design_Read/'.

SpyGlass Exit Code 0 (Rule-checking completed without errors or warnings)
SpyGlass total run-time is 0:0:1 (1 secs)
SpyGlass run completed at 09:49:55 PM on Aug 24 2025
