****************************************
Report : Data Mismatches
Version: O-2018.06-SP1
Date   : Wed Sep  3 06:04:47 2025
****************************************
No mismatches exist on the design.
1
****************************************
Report : SCANDEF check
Design : SYSTEM_TOP
Version: O-2018.06-SP1
Date   : Wed Sep  3 06:04:47 2025
****************************************
  Checking between SCANDEF file and design:

  Total PARTITION group count: 1
  Total SCANCHAINS checked: 4
  VALIDATED :  4
  FAILED    :  0

  Chain name     Status    #cells    #bits     PARTITION      Scan in        Scan out
  1              V         85        85        SCAN_CLK_45_45 SCAN_IN_1      SCAN_OUT_1
  2              V         85        85        SCAN_CLK_45_45 SCAN_IN_2      SCAN_OUT_2
  3              V         84        84        SCAN_CLK_45_45 SCAN_IN_3      SCAN_OUT_3
  4              V         84        84        SCAN_CLK_45_45 SCAN_IN_4      SCAN_OUT_4
1
NEX: 2730 nets
NEX: 99.96%(2729/2730) nets are valid placed

Histogram of "num of nodes per net"
  value: 	percent%
     0: 	0.0% 
     2: 	55.4% (peak)
     3: 	16.5% 
     4: 	13.1% 
     5: 	12.1% 
    10: 	2.6% 
    20: 	0.1% (average = 24) 
    40: 	0.2% 
    10000: 	0.1% 


Histogram of "net bbox size(um)"
  value: 	percent%
   0.00: 	0.0% 
   1.00: 	0.5% 
   2.00: 	2.1% 
   3.00: 	4.7% 
   4.00: 	6.7% (peak)
   5.00: 	24.6% 
   10.00: 	26.5% 
   20.00: 	16.3% (average = 25.9) 
   40.00: 	13.8% 
   100.00: 	4.2% 
   200.00: 	0.4% 


Histogram of "net bbox aspect()"
  value: 	percent%
   0.00: 	0.0% 
   1.00: 	9.0% (peak)
   1.10: 	6.7% 
   1.20: 	6.7% 
   1.30: 	5.6% 
   1.40: 	5.0% 
   1.50: 	4.5% 
   1.60: 	4.2% 
   1.70: 	4.5% 
   1.80: 	4.1% 
   1.90: 	2.6% 
   2.00: 	12.1% 
   2.50: 	8.7% (average = 2.9) 
   3.00: 	9.6% 
   4.00: 	5.3% 
   5.00: 	8.1% 
   10.00: 	2.3% 
   20.00: 	0.4% 
   30.00: 	0.3% 
   50.00: 	0.1% 

NEX: 29408 insts

Histogram of "inst bbox size(um)"
  value: 	percent%
   3.00: 	96.0% (average = 3.2) (peak)
   4.00: 	1.6% 
   5.00: 	0.9% 
   10.00: 	1.5% 

NEX: 1 NDR rules: 
  [0] clk_network_NDR
************************************************************
Timer Settings:
Delay Calculation Style:                   auto
Signal Integrity Analysis:                 disabled
Timing Window Analysis:                    disabled
Advanced Waveform Propagation:             disabled
Variation Type:                            fixed_derate
Clock Reconvergence Pessimism Removal:     enabled
Advanced Receiver Model:                   disabled
************************************************************
1
Warning: Cell contains tie connections which are not connected to real PG. (ZRT-511)
Warning: Ignore contact DIFFCON. (ZRT-015)
Turn off antenna since no rule is specified
Cell Min-Routing-Layer = M1
Cell Max-Routing-Layer = M9
Warning: Ignore 2 top cell ports with no pins. (ZRT-027)
Skipping 1 internal pins that are not physical. Set route.common.verbose_level to > 0 and run routing command to get skipped pin names.
Info: number of net_type_blockage: 0 
Via on layer (CO) needs more than one tracks
Warning: Layer M1 pitch 0.320 may be too small: wire/via-down 0.325, wire/via-up 0.290. (ZRT-026)
Via on layer (VIA2) needs more than one tracks
Warning: Layer M2 pitch 0.320 may be too small: wire/via-down 0.320, wire/via-up 0.360. (ZRT-026)
Printing options for 'route.common.*'

Printing options for 'route.detail.*'
detail.antenna                                          :	 true                
detail.force_end_on_preferred_grid                      :	 true                

Printing options for 'route.auto_via_ladder.*'


============================================
==  Check for overlap of standard cells   ==
============================================

>>>>>> No overlap of standard cells found

============================================
==     Check for min-grid violations      ==
============================================

>>>>>> No min-grid violations found


============================================
==    Check for out-of-boundary ports     ==
============================================

>>>>>> No out-of-boundary error found

============================================
==        Check for blocked ports         ==
============================================

>>>>>> No blocked ports found

>>>>>> No blocked nets found

============================================
==     Check for shielding violations     ==
============================================

>>>>>> The following Non-PG net has a shape with shape_use shield_route

>>> No non-PG net has a shape with shape_use shield_route.

>>>>>> The following PG net has shape with shape_use detail_route and shape length is too long.

>>> No PG net has shape with shape_use detail_route and shape length is too long.

>>>>>> The following nets with shield non-default rule has no internal data representation in Zroute.

>>> No nets with shield non-default rule has no internal data representation in Zroute.

============================================
==     Check for via cut blockage violation   ==
============================================

>>>>>> The following via cut blockages are wrongly treated as real vias.

>>> No via cut blockage is wrongly treated as real via.

============================================
==     Check for custom via definition    ==
============================================

>>> No custom via definition has too many cuts

============================================
==          Check for via master          ==
============================================

>>> The total number of via master definition is 84

===============================================
==     Check non-default rule setting        ==
===============================================

>>> No NDR width is larger than signalRouteMaxWidth

>>> No NDR shield width is larger than signalRouteMaxWidth

End of check_routability
1
