
################################################################################
#
# This file has been generated by SpyGlass:
#     Report Name      : no_msg_reporting_rules
#     Report Created by: ICer
#     Report Created on:  Sun Aug 24 23:37:10 2025
#     Working Directory: /home/ICer/Projects/Digital_System(RTL-to-GDSII)/spyglass/runs
#     SpyGlass Version : SpyGlass_vL-2016.06
#     Policy Name      : SpyGlass(SpyGlass_vL-2016.06)
#                        clock-reset(SpyGlass_vL-2016.06)
#
#     Total Number of Generated Messages :         62
#     Number of Waived Messages          :          0
#     Number of Reported Messages        :         62
#     Number of Overlimit Messages       :          0
#
#
################################################################################

NO VIOLATION RULE REPORT :
++++++++++++++++++++++++++++++++++++++++++++++++++++++++++++++++++++++++++++++++

Following rules did not produce any violation or waived off during spyglass run

++++++++++++++++++++++++++++++++++++++++++++++++++++++++++++++++++++++++++++++++


================================================================================
	INDEX                                   RULE-NAME
================================================================================
	1                                  Ac_clockperiod01
	2                                  Ac_conv03
	3                                  Ac_resetvalue01
	4                                  Ac_sync01
	5                                  Ar_asyncdeassert01
	6                                  Ar_converge01
	7                                  Ar_syncrst_setupcheck01
	8                                  Ar_syncrstactive01
	9                                  Ar_syncrstcombo01
	10                                 Ar_syncrstload01
	11                                 Ar_syncrstload02
	12                                 Ar_syncrstpragma01
	13                                 Ar_syncrstrtl01
	14                                 Ar_unsync01
	15                                 Clock_check10
	16                                 Clock_converge01
	17                                 Clock_info03a
	18                                 Clock_info03b
	19                                 Clock_info03c
	20                                 Clock_info05
	21                                 Clock_info05b
	22                                 Clock_sync05
	23                                 Clock_sync06
	24                                 FalsePathSetup
	25                                 Reset_check03
	26                                 Reset_check10
	27                                 Reset_check11
	28                                 Reset_check12
	29                                 Reset_info09a
	30                                 Reset_sync02
	31                                 Reset_sync04
================================================================================
