
################################################################################
#
# This file has been generated by SpyGlass:
#     Report Name      : no_msg_reporting_rules
#     Report Created by: ICer
#     Report Created on:  Sun Aug 24 23:36:51 2025
#     Working Directory: /home/ICer/Projects/Digital_System(RTL-to-GDSII)/spyglass/runs
#     SpyGlass Version : SpyGlass_vL-2016.06
#     Policy Name      : SpyGlass(SpyGlass_vL-2016.06)
#                        clock-reset(SpyGlass_vL-2016.06)
#
#     Total Number of Generated Messages :         54
#     Number of Waived Messages          :         31
#     Number of Reported Messages        :         23
#     Number of Overlimit Messages       :          0
#
#
################################################################################

NO VIOLATION RULE REPORT :
++++++++++++++++++++++++++++++++++++++++++++++++++++++++++++++++++++++++++++++++

Following rules did not produce any violation or waived off during spyglass run

++++++++++++++++++++++++++++++++++++++++++++++++++++++++++++++++++++++++++++++++


================================================================================
	INDEX                                   RULE-NAME
================================================================================
	1                                  Ac_abstract_validation01
	2                                  Ac_clockperiod01
	3                                  Ac_clockperiod02
	4                                  Ac_clockperiod03
	5                                  Ac_coherency06
	6                                  Ac_conv01
	7                                  Ac_conv02
	8                                  Ac_conv03
	9                                  Ac_conv04
	10                                 Ac_glitch03
	11                                 Ac_resetvalue01
	12                                 Ac_sync01
	13                                 Ac_unsync01
	14                                 Ac_unsync02
	15                                 Ar_asyncdeassert01
	16                                 Ar_converge01
	17                                 Ar_syncrst_setupcheck01
	18                                 Ar_syncrstactive01
	19                                 Ar_syncrstcombo01
	20                                 Ar_syncrstload01
	21                                 Ar_syncrstload02
	22                                 Ar_syncrstpragma01
	23                                 Ar_syncrstrtl01
	24                                 Ar_unsync01
	25                                 Clock_check10
	26                                 Clock_converge01
	27                                 Clock_info03a
	28                                 Clock_info03b
	29                                 Clock_info03c
	30                                 Clock_info05
	31                                 Clock_info05b
	32                                 Clock_sync05
	33                                 Clock_sync06
	34                                 FalsePathSetup
	35                                 Reset_check03
	36                                 Reset_check10
	37                                 Reset_check11
	38                                 Reset_check12
	39                                 Reset_info09a
	40                                 Reset_sync02
	41                                 Reset_sync04
	42                                 SGDC_abstract_mapping01
	43                                 Setup_port01
================================================================================
