
################################################################################
#
# This file has been generated by SpyGlass:
#     Report Name      : waiver
#     Report Created by: ICer
#     Report Created on:  Sun Aug 24 23:41:39 2025
#     Working Directory: /home/ICer/Projects/Digital_System(RTL-to-GDSII)/spyglass/runs
#     SpyGlass Version : SpyGlass_vL-2016.06
#     Policy Name      : SpyGlass(SpyGlass_vL-2016.06)
#                        clock-reset(SpyGlass_vL-2016.06)
#
#     Total Number of Generated Messages :         12
#     Number of Waived Messages          :          2
#     Number of Reported Messages        :         10
#     Number of Overlimit Messages       :          0
#
#     Total Number of Waivers                            :          1
#     Number of Waivers Applied                          :          1
#     Number of Waivers with Regex and/or wildcard       :          0
#     Number of Waivers with -rule                       :          1
#     Number of Waivers with line number and/or file info:          0
#     Number of Waive -IP commands                       :          0
#
#
################################################################################

WAIVER REPORT:
+++++++++++++++++++++++++++++++++++++++++++++++++++++++++++++++++++++++++++++++

Design Issues Waiver Report
+++++++++++++++++++++++++++++++++++++++++++++++++++++++++++++++++++++++++++++++

Waiver comment : Created by ICer on 24-Aug-2025 23:41:31
waive -rule "Setup_port01" 
#spg_backref : "./system_top_spyglass/rdc/rdc_verify_struct/system_top_spyglass_waiver_file.awl" 1

2 message(s) waived:
===============================================================================
Index    Rule         Severity File                                                                                                    Line Wt Message
===============================================================================
[11]     Setup_port01 Error    ../rtl/SYSTEM_TOP.v                                                                                     15   2  Port coverage for top design unit 'SYSTEM_TOP' is: '1' (25.00 %) port(s) not fully constrained
[13]     Setup_port01 Info     ./system_top_spyglass/rdc/rdc_verify_struct/spyglass_reports/clock-reset/SYSTEM_TOP_input_abstract.sgdc 0    2  Abstracted sgdc file for input ports of block 'SYSTEM_TOP' is generated
===============================================================================

