
################################################################################
#
# This file has been generated by SpyGlass:
#     Report Name      : moresimple
#     Report Created by: ICer
#     Report Created on:  Sun Aug 24 22:25:41 2025
#     Working Directory: /home/ICer/Projects/Digital_System(RTL-to-GDSII)/spyglass/runs
#     SpyGlass Version : SpyGlass_vL-2016.06
#     Policy Name      : SpyGlass(SpyGlass_vL-2016.06)
#                        clock-reset(SpyGlass_vL-2016.06)
#                        timing(SpyGlass_vL-2016.06)
#
#     Total Number of Generated Messages :          9
#     Number of Waived Messages          :          0
#     Number of Reported Messages        :          9
#     Number of Overlimit Messages       :          0
#
#
################################################################################

+++++++++++++++++++++++++++++++++++++++++++++++++++++++++++++++++++++++
MORESIMPLE REPORT:


############### BuiltIn -> RuleGroup=Design Read ###############
+++++++++++++++++++++++++++++++++++++++++++++++++++++++++++++++++++++++++++++++++++++++
ID       Rule                    Alias                   Severity    File                                                                                          Line    Wt    Message
======================================================================================
[1]      DetectTopDesignUnits    DetectTopDesignUnits    Info        ../rtl/SYSTEM_TOP.v                                                                           15      2     Module SYSTEM_TOP is a top level design unit
[0]      ElabSummary             ElabSummary             Info        ./system_top_spyglass/cdc/clock_reset_integrity/spyglass_reports/SpyGlass/elab_summary.rpt    0       2     Please refer file './system_top_spyglass/cdc/clock_reset_integrity/spyglass_reports/SpyGlass/elab_summary.rpt' for elab summary report
[4]      Info_Case_Analysis      showSimVal              Info        ../rtl/SYSTEM_TOP.v                                                                           15      10    Information for set_case_analysis value propagation for design 'SYSTEM_TOP' is displayed
+++++++++++++++++++++++++++++++++++++++++++++++++++++++++++++++++++++++++++++++++++++++


############### Non-BuiltIn -> Goal=cdc/clock_reset_integrity ###############
+++++++++++++++++++++++++++++++++++++++++++++++++++++++++++++++++++++++++++++++++++++++
ID       Rule                  Alias    Severity    File                    Line    Wt    Message
======================================================================================
[7]      Clock_glitch04                 Warning     ../rtl/serializer.v     19      2     Flop SYSTEM_TOP.TX_CLK_DIV.div_clk and Flop SYSTEM_TOP.U0_REG_FILE.regfile[3][1] are converging through combinational logic to clock of Flop P_DATA_Valid[0]
[6]      Clock_glitch04                 Warning     ../rtl/uart_rx_fsm.v    39      2     Flop SYSTEM_TOP.RX_CLK_DIV.div_clk and Flop SYSTEM_TOP.U0_REG_FILE.regfile[2][3] are converging through combinational logic to clock of Flop cs[0]
[8]      Clock_Reset_info01             Info        N.A.                    0       2     Clock-Reset Matrix information generated for Clock-Reset-Summary report
[2]      Propagate_Clocks               Info        ../rtl/SYSTEM_TOP.v     17      2     For SYSTEM_TOP, clock(s) 'SYSTEM_TOP.REF_CLK' of domain 'REF_CLK' propagated
[3]      Propagate_Clocks               Info        ../rtl/SYSTEM_TOP.v     27      2     For SYSTEM_TOP, clock(s) 'SYSTEM_TOP.UART_CLK,SYSTEM_TOP.TX_CLK' of domain 'UART_CLK' propagated
[5]      Propagate_Resets               Info        ../rtl/SYSTEM_TOP.v     19      2     For SYSTEM_TOP, reset 'SYSTEM_TOP.RST' propagated
+++++++++++++++++++++++++++++++++++++++++++++++++++++++++++++++++++++++++++++++++++++++
