
################################################################################
#
# This file has been generated by SpyGlass:
#     Report Name      : no_msg_reporting_rules
#     Report Created by: ICer
#     Report Created on:  Sun Aug 24 22:25:41 2025
#     Working Directory: /home/ICer/Projects/Digital_System(RTL-to-GDSII)/spyglass/runs
#     SpyGlass Version : SpyGlass_vL-2016.06
#     Policy Name      : SpyGlass(SpyGlass_vL-2016.06)
#                        clock-reset(SpyGlass_vL-2016.06)
#                        timing(SpyGlass_vL-2016.06)
#
#     Total Number of Generated Messages :          9
#     Number of Waived Messages          :          0
#     Number of Reported Messages        :          9
#     Number of Overlimit Messages       :          0
#
#
################################################################################

NO VIOLATION RULE REPORT :
++++++++++++++++++++++++++++++++++++++++++++++++++++++++++++++++++++++++++++++++

Following rules did not produce any violation or waived off during spyglass run

++++++++++++++++++++++++++++++++++++++++++++++++++++++++++++++++++++++++++++++++


================================================================================
	INDEX                                   RULE-NAME
================================================================================
	1                                  Ar_converge01
	2                                  ClockEnableRace
	3                                  Clock_Reset_check01
	4                                  Clock_Reset_check02
	5                                  Clock_Reset_check03
	6                                  Clock_check01
	7                                  Clock_check04
	8                                  Clock_converge01
	9                                  Clock_glitch02
	10                                 Clock_glitch03
	11                                 Clock_info05b
	12                                 Reset_check01
	13                                 Reset_check02
	14                                 Reset_check03
	15                                 Reset_check04
	16                                 Reset_check06
	17                                 Reset_check07
================================================================================
