#@ # 
#@ # Running icc2_shell Version O-2018.06-SP1 for linux64 -- Jul 17, 2018
#@ # Date:   Sat Sep  6 20:40:12 2025
#@ # Run by: ICer@IC_EDA
#@ 

set design SYSTEM_TOP
# remove the .lock file
sh rm /home/ICer/Projects/Digital_System(RTL-to-GDSII)/pnr/design_library/${design}.dlib/${design}_pp/design.ndm.lock
set design_lib_path /home/ICer/Projects/Digital_System(RTL-to-GDSII)/pnr/design_library
open_block $design_lib_path/${design}.dlib:${design}_pp.design
start_gui
gui_set_pref_value -category {SelectByNamePalette} -key {ObjectType} -value {Logical Cells}
link_block
win_set_filter -visible -class cell -filter {hard_macro_margin hard_margin route_blockage_margin soft_margin}
win_set_filter -visible -class placement_blockage -filter {wiring} -layer {0-77}
win_set_filter -expand_cell_types {soft_macro  }
win_set_select_class -visible {cell port bound routing_blockage shaping_blockage pg_region pin_blockage block_shielding topology_node topology_edge core_area die_area edit_group shape via terminal fill_cell placement_blockage }
win_set_filter -class cell -filter {cell_array hard_macro_margin hard_margin route_blockage_margin soft_margin}
win_set_filter -class placement_blockage -filter {wiring} -layer {0-77}
win_set_select_class {cell port bound routing_blockage shaping_blockage pg_region pin_blockage topology_node topology_edge edit_group shape via placement_blockage }
gui_set_layout_layer_visibility -toggle [get_layers -filter {mask_name == metal9} -quiet]
gui_set_layout_layer_visibility -toggle [get_layers -filter {mask_name == metal8} -quiet]
gui_set_layout_layer_visibility -toggle [get_layers -filter {mask_name == metal1} -quiet]
win_set_filter -visible -class routing_blockage -layer {4 25 28}
win_set_filter -visible -class shape -filter {} -layer {4 25 28}
win_set_filter -visible -class via -filter {} -layer {4 25 28}
win_set_filter -visible -class terminal -filter {}  -layer {4 25 28}
win_set_filter -class routing_blockage -layer {4 25 28}
win_set_filter -class shape -filter {} -layer {4 25 28}
win_set_filter -class via -filter {} -layer {4 25 28}
gui_zoom -window [gui_get_current_window -view] -factor 2.0
gui_zoom -window [gui_get_current_window -view] -clct [get_designs] -fit
gui_set_setting -window [gui_get_current_window -types Layout -mru] -setting showLayer_VIA1 -value false
gui_set_setting -window [gui_get_current_window -types Layout -mru] -setting showLayer_VIA2 -value false
gui_set_setting -window [gui_get_current_window -types Layout -mru] -setting showLayer_VIA3 -value false
gui_set_setting -window [gui_get_current_window -types Layout -mru] -setting showLayer_VIA4 -value false
gui_set_setting -window [gui_get_current_window -types Layout -mru] -setting showLayer_VIA5 -value false
gui_set_setting -window [gui_get_current_window -types Layout -mru] -setting showLayer_VIA6 -value false
gui_set_setting -window [gui_get_current_window -types Layout -mru] -setting showLayer_VIA7 -value false
gui_set_setting -window [gui_get_current_window -types Layout -mru] -setting showLayer_VIA8 -value false
win_set_filter -visible -class routing_blockage -layer {4 6 9 12 15 18 21 24-25 27-28}
win_set_filter -visible -class shape -filter {} -layer {4 6 9 12 15 18 21 24-25 27-28}
win_set_filter -visible -class via -filter {} -layer {4 6 9 12 15 18 21 24-25 27-28}
win_set_filter -visible -class terminal -filter {}  -layer {4 6 9 12 15 18 21 24-25 27-28}
win_set_filter -class routing_blockage -layer {4 6 9 12 15 18 21 24-25 27-28}
win_set_filter -class shape -filter {} -layer {4 6 9 12 15 18 21 24-25 27-28}
win_set_filter -class via -filter {} -layer {4 6 9 12 15 18 21 24-25 27-28}
gui_zoom -window [gui_get_current_window -types Layout -view] -factor 2 -at_point {41.025 243.685}
gui_zoom -window [gui_get_current_window -types Layout -view] -factor 2 -at_point {41.025 243.685}
gui_zoom -window [gui_get_current_window -types Layout -view] -factor 2 -at_point {41.025 243.685}
gui_zoom -window [gui_get_current_window -types Layout -view] -factor 2 -at_point {41.035 243.705}
gui_zoom -window [gui_get_current_window -types Layout -view] -factor 2 -at_point {41.020 243.690}
gui_zoom -window [gui_get_current_window -types Layout -view] -factor 0.5 -at_point {40.820 241.945}
gui_zoom -window [gui_get_current_window -types Layout -view] -factor 0.5 -at_point {40.815 241.940}
gui_zoom -window [gui_get_current_window -types Layout -view] -factor 0.5 -at_point {40.800 241.955}
gui_zoom -window [gui_get_current_window -types Layout -view] -factor 0.5 -at_point {40.790 241.920}
gui_zoom -window [gui_get_current_window -types Layout -view] -factor 0.5 -at_point {40.790 242.035}
gui_zoom -window [gui_get_current_window -view] -rect {{-5.555 276.150} {15.145 237.570}}
gui_set_setting -window [gui_get_current_window -types Layout -mru] -setting showLayer_NWELL -value false
gui_set_setting -window [gui_get_current_window -types Layout -mru] -setting showLayer_PO -value false
gui_set_setting -window [gui_get_current_window -types Layout -mru] -setting showLayer_PODMY -value false
gui_set_setting -window [gui_get_current_window -types Layout -mru] -setting showLayer_CO -value false
gui_set_setting -window [gui_get_current_window -types Layout -mru] -setting showLayer_M1DMY -value false
gui_set_setting -window [gui_get_current_window -types Layout -mru] -setting showLayer_M2 -value false
gui_set_setting -window [gui_get_current_window -types Layout -mru] -setting showLayer_M2DMY -value false
gui_set_setting -window [gui_get_current_window -types Layout -mru] -setting showLayer_M3 -value false
gui_set_setting -window [gui_get_current_window -types Layout -mru] -setting showLayer_M3DMY -value false
gui_set_setting -window [gui_get_current_window -types Layout -mru] -setting showLayer_M4 -value false
gui_set_setting -window [gui_get_current_window -types Layout -mru] -setting showLayer_M4DMY -value false
gui_set_setting -window [gui_get_current_window -types Layout -mru] -setting showLayer_M5 -value false
gui_set_setting -window [gui_get_current_window -types Layout -mru] -setting showLayer_M5DMY -value false
gui_set_setting -window [gui_get_current_window -types Layout -mru] -setting showLayer_M6 -value false
gui_set_setting -window [gui_get_current_window -types Layout -mru] -setting showLayer_M6DMY -value false
gui_set_setting -window [gui_get_current_window -types Layout -mru] -setting showLayer_M7 -value false
gui_set_setting -window [gui_get_current_window -types Layout -mru] -setting showLayer_M7DMY -value false
gui_set_setting -window [gui_get_current_window -types Layout -mru] -setting showLayer_M8DMY -value false
gui_set_setting -window [gui_get_current_window -types Layout -mru] -setting showLayer_M9DMY -value false
gui_set_setting -window [gui_get_current_window -types Layout -mru] -setting showLayer_BJTDMY -value false
gui_set_setting -window [gui_get_current_window -types Layout -mru] -setting showLayer_DIFF -value false
gui_set_setting -window [gui_get_current_window -types Layout -mru] -setting showLayer_DDMY -value false
gui_set_setting -window [gui_get_current_window -types Layout -mru] -setting showLayer_DIFF_25 -value false
gui_set_setting -window [gui_get_current_window -types Layout -mru] -setting showLayer_DIOD -value false
gui_set_setting -window [gui_get_current_window -types Layout -mru] -setting showLayer_DM1EXCL -value false
gui_set_setting -window [gui_get_current_window -types Layout -mru] -setting showLayer_DM2EXCL -value false
gui_set_setting -window [gui_get_current_window -types Layout -mru] -setting showLayer_DM3EXCL -value false
gui_set_setting -window [gui_get_current_window -types Layout -mru] -setting showLayer_DM4EXCL -value false
gui_set_setting -window [gui_get_current_window -types Layout -mru] -setting showLayer_DM5EXCL -value false
gui_set_setting -window [gui_get_current_window -types Layout -mru] -setting showLayer_DM6EXCL -value false
gui_set_setting -window [gui_get_current_window -types Layout -mru] -setting showLayer_DM7EXCL -value false
gui_set_setting -window [gui_get_current_window -types Layout -mru] -setting showLayer_DM8EXCL -value false
gui_set_setting -window [gui_get_current_window -types Layout -mru] -setting showLayer_DM9EXCL -value false
gui_set_setting -window [gui_get_current_window -types Layout -mru] -setting showLayer_DNW -value false
gui_set_setting -window [gui_get_current_window -types Layout -mru] -setting showLayer_ESD_25 -value false
gui_set_setting -window [gui_get_current_window -types Layout -mru] -setting showLayer_HOTNWL -value false
gui_set_setting -window [gui_get_current_window -types Layout -mru] -setting showLayer_HVTIMP -value false
gui_set_setting -window [gui_get_current_window -types Layout -mru] -setting showLayer_IP -value false
gui_set_setting -window [gui_get_current_window -types Layout -mru] -setting showLayer_LOGO -value false
gui_set_setting -window [gui_get_current_window -types Layout -mru] -setting showLayer_LVTIMP -value false
gui_set_setting -window [gui_get_current_window -types Layout -mru] -setting showLayer_M1PIN -value false
gui_set_setting -window [gui_get_current_window -types Layout -mru] -setting showLayer_M2PIN -value false
gui_set_setting -window [gui_get_current_window -types Layout -mru] -setting showLayer_M3PIN -value false
gui_set_setting -window [gui_get_current_window -types Layout -mru] -setting showLayer_M4PIN -value false
gui_set_setting -window [gui_get_current_window -types Layout -mru] -setting showLayer_M5PIN -value false
gui_set_setting -window [gui_get_current_window -types Layout -mru] -setting showLayer_M6PIN -value false
gui_set_setting -window [gui_get_current_window -types Layout -mru] -setting showLayer_M7PIN -value false
gui_set_setting -window [gui_get_current_window -types Layout -mru] -setting showLayer_M8PIN -value false
gui_set_setting -window [gui_get_current_window -types Layout -mru] -setting showLayer_M9PIN -value false
gui_set_setting -window [gui_get_current_window -types Layout -mru] -setting showLayer_NIMP -value false
gui_set_setting -window [gui_get_current_window -types Layout -mru] -setting showLayer_PAD -value false
gui_set_setting -window [gui_get_current_window -types Layout -mru] -setting showLayer_PIMP -value false
gui_set_setting -window [gui_get_current_window -types Layout -mru] -setting showLayer_RDIFF -value false
gui_set_setting -window [gui_get_current_window -types Layout -mru] -setting showLayer_RM1 -value false
gui_set_setting -window [gui_get_current_window -types Layout -mru] -setting showLayer_RM2 -value false
gui_set_setting -window [gui_get_current_window -types Layout -mru] -setting showLayer_RM3 -value false
gui_set_setting -window [gui_get_current_window -types Layout -mru] -setting showLayer_RM4 -value false
gui_set_setting -window [gui_get_current_window -types Layout -mru] -setting showLayer_RM5 -value false
gui_set_setting -window [gui_get_current_window -types Layout -mru] -setting showLayer_RM6 -value false
gui_set_setting -window [gui_get_current_window -types Layout -mru] -setting showLayer_RM7 -value false
gui_set_setting -window [gui_get_current_window -types Layout -mru] -setting showLayer_RM8 -value false
gui_set_setting -window [gui_get_current_window -types Layout -mru] -setting showLayer_RM9 -value false
gui_set_setting -window [gui_get_current_window -types Layout -mru] -setting showLayer_RNW -value false
gui_set_setting -window [gui_get_current_window -types Layout -mru] -setting showLayer_RPOLY -value false
gui_set_setting -window [gui_get_current_window -types Layout -mru] -setting showLayer_SBLK -value false
gui_set_setting -window [gui_get_current_window -types Layout -mru] -setting showLayer_prBoundary -value false
gui_set_setting -window [gui_get_current_window -types Layout -mru] -setting showLayer_UNASSIGNED -value false
win_set_filter -visible -class routing_blockage -layer {0-77}
win_set_filter -visible -class shape -filter {} -layer {0-77}
win_set_filter -visible -class via -filter {} -layer {0-77}
win_set_filter -visible -class terminal -filter {}  -layer {0-77}
win_set_filter -class routing_blockage -layer {0-77}
win_set_filter -class shape -filter {} -layer {0-77}
win_set_filter -class via -filter {} -layer {0-77}
gui_mouse_tool -window [gui_get_current_window -types Layout -mru] -start RulerTool
gui_mouse_tool -window [gui_get_current_window -types Layout -mru] -drag {{17.325 258.830} {17.450 257.520}} -scale 0.0623
gui_mouse_tool -window [gui_get_current_window -types Layout -mru] -add_point {17.450 257.520} -scale 0.0623
gui_mouse_tool -window [gui_get_current_window -types Layout -mru] -reset
gui_mouse_tool -window [gui_get_current_window -types Layout -mru] -abort
gui_zoom -window [gui_get_current_window -view] -full
gui_zoom -window [gui_get_current_window -types Layout -view] -factor 2 -at_point {84.060 266.340}
gui_zoom -window [gui_get_current_window -types Layout -view] -factor 2 -at_point {83.965 266.365}
gui_zoom -window [gui_get_current_window -types Layout -view] -factor 2 -at_point {83.965 266.365}
gui_zoom -window [gui_get_current_window -types Layout -view] -factor 2 -at_point {83.940 266.365}
gui_zoom -window [gui_get_current_window -types Layout -view] -factor 0.5 -at_point {83.945 266.365}
gui_zoom -window [gui_get_current_window -types Layout -view] -factor 0.5 -at_point {83.950 266.365}
gui_zoom -window [gui_get_current_window -types Layout -view] -factor 0.5 -at_point {83.965 266.365}
gui_zoom -window [gui_get_current_window -view] -rect {{-9.540 268.340} {24.260 245.070}}
gui_mouse_tool -window [gui_get_current_window -types Layout -mru] -start RulerTool
gui_mouse_tool -window [gui_get_current_window -types Layout -mru] -add_point {10.010 253.920} -scale 0.0376
gui_mouse_tool -window [gui_get_current_window -types Layout -mru] -add_point {8.845 253.960} -scale 0.0376
gui_mouse_tool -window [gui_get_current_window -types Layout -mru] -reset
gui_zoom -window [gui_get_current_window -view] -full
gui_remove_all_rulers -window [gui_get_current_window -types Layout -mru];  gui_remove_all_rulers -window global
gui_set_layout_layer_visibility -toggle [get_layers -filter {mask_name == metal9} -quiet]
gui_set_layout_layer_visibility -toggle [get_layers -filter {mask_name == metal8} -quiet]
win_set_filter -visible -class routing_blockage -layer {0-24 26-27 29-77}
win_set_filter -visible -class shape -filter {} -layer {0-24 26-27 29-77}
win_set_filter -visible -class via -filter {} -layer {0-24 26-27 29-77}
win_set_filter -visible -class terminal -filter {}  -layer {0-24 26-27 29-77}
win_set_filter -class routing_blockage -layer {0-24 26-27 29-77}
win_set_filter -class shape -filter {} -layer {0-24 26-27 29-77}
win_set_filter -class via -filter {} -layer {0-24 26-27 29-77}
gui_set_layout_layer_visibility -toggle [get_layers -filter {mask_name == metal7} -quiet]
gui_set_layout_layer_visibility -toggle [get_layers -filter {mask_name == metal8} -quiet]
gui_set_layout_layer_visibility -toggle [get_layers -filter {mask_name == metal9} -quiet]
gui_set_layout_layer_visibility -toggle [get_layers -filter {mask_name == metal9} -quiet]
gui_set_layout_layer_visibility -toggle [get_layers -filter {mask_name == metal8} -quiet]
win_set_filter -visible -class routing_blockage -layer {0-21 23-24 26-27 29-77}
win_set_filter -visible -class shape -filter {} -layer {0-21 23-24 26-27 29-77}
win_set_filter -visible -class via -filter {} -layer {0-21 23-24 26-27 29-77}
win_set_filter -visible -class terminal -filter {}  -layer {0-21 23-24 26-27 29-77}
win_set_filter -class routing_blockage -layer {0-21 23-24 26-27 29-77}
win_set_filter -class shape -filter {} -layer {0-21 23-24 26-27 29-77}
win_set_filter -class via -filter {} -layer {0-21 23-24 26-27 29-77}
gui_set_layout_layer_visibility -toggle [get_layers -filter {mask_name == metal1} -quiet]
gui_set_layout_layer_visibility -toggle [get_layers -filter {mask_name == metal1} -quiet]
gui_set_setting -window [gui_get_current_window -types Layout -mru] -setting showLayer_NWELL -value true
gui_set_setting -window [gui_get_current_window -types Layout -mru] -setting showLayer_PO -value true
gui_set_setting -window [gui_get_current_window -types Layout -mru] -setting showLayer_PODMY -value true
gui_set_setting -window [gui_get_current_window -types Layout -mru] -setting showLayer_CO -value true
gui_set_setting -window [gui_get_current_window -types Layout -mru] -setting showLayer_M1 -value true
gui_set_setting -window [gui_get_current_window -types Layout -mru] -setting showLayer_M1DMY -value true
gui_set_setting -window [gui_get_current_window -types Layout -mru] -setting showLayer_VIA1 -value true
gui_set_setting -window [gui_get_current_window -types Layout -mru] -setting showLayer_M2 -value true
gui_set_setting -window [gui_get_current_window -types Layout -mru] -setting showLayer_M2DMY -value true
gui_set_setting -window [gui_get_current_window -types Layout -mru] -setting showLayer_VIA2 -value true
gui_set_setting -window [gui_get_current_window -types Layout -mru] -setting showLayer_M3 -value true
gui_set_setting -window [gui_get_current_window -types Layout -mru] -setting showLayer_M3DMY -value true
gui_set_setting -window [gui_get_current_window -types Layout -mru] -setting showLayer_VIA3 -value true
gui_set_setting -window [gui_get_current_window -types Layout -mru] -setting showLayer_M4 -value true
gui_set_setting -window [gui_get_current_window -types Layout -mru] -setting showLayer_M4DMY -value true
gui_set_setting -window [gui_get_current_window -types Layout -mru] -setting showLayer_VIA4 -value true
gui_set_setting -window [gui_get_current_window -types Layout -mru] -setting showLayer_M5 -value true
gui_set_setting -window [gui_get_current_window -types Layout -mru] -setting showLayer_M5DMY -value true
gui_set_setting -window [gui_get_current_window -types Layout -mru] -setting showLayer_VIA5 -value true
gui_set_setting -window [gui_get_current_window -types Layout -mru] -setting showLayer_M6 -value true
gui_set_setting -window [gui_get_current_window -types Layout -mru] -setting showLayer_M6DMY -value true
gui_set_setting -window [gui_get_current_window -types Layout -mru] -setting showLayer_VIA6 -value true
gui_set_setting -window [gui_get_current_window -types Layout -mru] -setting showLayer_M7DMY -value true
gui_set_setting -window [gui_get_current_window -types Layout -mru] -setting showLayer_VIA7 -value true
gui_set_setting -window [gui_get_current_window -types Layout -mru] -setting showLayer_M8DMY -value true
gui_set_setting -window [gui_get_current_window -types Layout -mru] -setting showLayer_VIA8 -value true
gui_set_setting -window [gui_get_current_window -types Layout -mru] -setting showLayer_M9DMY -value true
gui_set_setting -window [gui_get_current_window -types Layout -mru] -setting showLayer_BJTDMY -value true
gui_set_setting -window [gui_get_current_window -types Layout -mru] -setting showLayer_DIFF -value true
gui_set_setting -window [gui_get_current_window -types Layout -mru] -setting showLayer_DDMY -value true
gui_set_setting -window [gui_get_current_window -types Layout -mru] -setting showLayer_DIFF_25 -value true
gui_set_setting -window [gui_get_current_window -types Layout -mru] -setting showLayer_DIOD -value true
gui_set_setting -window [gui_get_current_window -types Layout -mru] -setting showLayer_DM1EXCL -value true
gui_set_setting -window [gui_get_current_window -types Layout -mru] -setting showLayer_DM2EXCL -value true
gui_set_setting -window [gui_get_current_window -types Layout -mru] -setting showLayer_DM3EXCL -value true
gui_set_setting -window [gui_get_current_window -types Layout -mru] -setting showLayer_DM4EXCL -value true
gui_set_setting -window [gui_get_current_window -types Layout -mru] -setting showLayer_DM5EXCL -value true
gui_set_setting -window [gui_get_current_window -types Layout -mru] -setting showLayer_DM6EXCL -value true
gui_set_setting -window [gui_get_current_window -types Layout -mru] -setting showLayer_DM7EXCL -value true
gui_set_setting -window [gui_get_current_window -types Layout -mru] -setting showLayer_DM8EXCL -value true
gui_set_setting -window [gui_get_current_window -types Layout -mru] -setting showLayer_DM9EXCL -value true
gui_set_setting -window [gui_get_current_window -types Layout -mru] -setting showLayer_DNW -value true
gui_set_setting -window [gui_get_current_window -types Layout -mru] -setting showLayer_ESD_25 -value true
gui_set_setting -window [gui_get_current_window -types Layout -mru] -setting showLayer_HOTNWL -value true
gui_set_setting -window [gui_get_current_window -types Layout -mru] -setting showLayer_HVTIMP -value true
gui_set_setting -window [gui_get_current_window -types Layout -mru] -setting showLayer_IP -value true
gui_set_setting -window [gui_get_current_window -types Layout -mru] -setting showLayer_LOGO -value true
gui_set_setting -window [gui_get_current_window -types Layout -mru] -setting showLayer_LVTIMP -value true
gui_set_setting -window [gui_get_current_window -types Layout -mru] -setting showLayer_M1PIN -value true
gui_set_setting -window [gui_get_current_window -types Layout -mru] -setting showLayer_M2PIN -value true
gui_set_setting -window [gui_get_current_window -types Layout -mru] -setting showLayer_M3PIN -value true
gui_set_setting -window [gui_get_current_window -types Layout -mru] -setting showLayer_M4PIN -value true
gui_set_setting -window [gui_get_current_window -types Layout -mru] -setting showLayer_M5PIN -value true
gui_set_setting -window [gui_get_current_window -types Layout -mru] -setting showLayer_M6PIN -value true
gui_set_setting -window [gui_get_current_window -types Layout -mru] -setting showLayer_M7PIN -value true
gui_set_setting -window [gui_get_current_window -types Layout -mru] -setting showLayer_M8PIN -value true
gui_set_setting -window [gui_get_current_window -types Layout -mru] -setting showLayer_M9PIN -value true
gui_set_setting -window [gui_get_current_window -types Layout -mru] -setting showLayer_NIMP -value true
gui_set_setting -window [gui_get_current_window -types Layout -mru] -setting showLayer_PAD -value true
gui_set_setting -window [gui_get_current_window -types Layout -mru] -setting showLayer_PIMP -value true
gui_set_setting -window [gui_get_current_window -types Layout -mru] -setting showLayer_RDIFF -value true
gui_set_setting -window [gui_get_current_window -types Layout -mru] -setting showLayer_RM1 -value true
gui_set_setting -window [gui_get_current_window -types Layout -mru] -setting showLayer_RM2 -value true
gui_set_setting -window [gui_get_current_window -types Layout -mru] -setting showLayer_RM3 -value true
gui_set_setting -window [gui_get_current_window -types Layout -mru] -setting showLayer_RM4 -value true
gui_set_setting -window [gui_get_current_window -types Layout -mru] -setting showLayer_RM5 -value true
gui_set_setting -window [gui_get_current_window -types Layout -mru] -setting showLayer_RM6 -value true
gui_set_setting -window [gui_get_current_window -types Layout -mru] -setting showLayer_RM7 -value true
gui_set_setting -window [gui_get_current_window -types Layout -mru] -setting showLayer_RM8 -value true
gui_set_setting -window [gui_get_current_window -types Layout -mru] -setting showLayer_RM9 -value true
gui_set_setting -window [gui_get_current_window -types Layout -mru] -setting showLayer_RNW -value true
gui_set_setting -window [gui_get_current_window -types Layout -mru] -setting showLayer_RPOLY -value true
gui_set_setting -window [gui_get_current_window -types Layout -mru] -setting showLayer_SBLK -value true
gui_set_setting -window [gui_get_current_window -types Layout -mru] -setting showLayer_prBoundary -value true
gui_set_setting -window [gui_get_current_window -types Layout -mru] -setting showLayer_UNASSIGNED -value true
win_set_filter -visible -class routing_blockage -layer {}
win_set_filter -visible -class shape -filter {} -layer {}
win_set_filter -visible -class via -filter {} -layer {}
win_set_filter -visible -class terminal -filter {}  -layer {}
win_set_filter -class routing_blockage -layer {}
win_set_filter -class shape -filter {} -layer {}
win_set_filter -class via -filter {} -layer {}
gui_zoom -window [gui_get_current_window -types Layout -view] -factor 0.5 -at_point {100.150 122.400}
gui_zoom -window [gui_get_current_window -view] -full
gui_zoom -window [gui_get_current_window -view] -full
gui_zoom -window [gui_get_current_window -types Layout -view] -factor 0.5 -at_point {-25.010 203.755}
gui_zoom -window [gui_get_current_window -types Layout -view] -factor 0.5 -at_point {-30.610 203.585}
gui_zoom -window [gui_get_current_window -types Layout -view] -factor 2 -at_point {-40.495 203.780}
gui_zoom -window [gui_get_current_window -types Layout -view] -factor 2 -at_point {-29.845 203.780}
gui_zoom -window [gui_get_current_window -types Layout -view] -factor 2 -at_point {-24.520 203.780}
gui_zoom -window [gui_get_current_window -types Layout -view] -factor 0.5 -at_point {-21.860 203.780}
gui_zoom -window [gui_get_current_window -types Layout -view] -factor 0.5 -at_point {-24.520 203.780}
gui_zoom -window [gui_get_current_window -types Layout -view] -factor 0.5 -at_point {-29.845 203.780}
gui_zoom -window [gui_get_current_window -types Layout -view] -factor 2 -at_point {483.790 100.565}
gui_zoom -window [gui_get_current_window -types Layout -view] -factor 2 -at_point {376.475 100.565}
gui_zoom -window [gui_get_current_window -types Layout -view] -factor 2 -at_point {322.815 100.565}
gui_zoom -window [gui_get_current_window -types Layout -view] -factor 2 -at_point {295.780 100.565}
gui_zoom -window [gui_get_current_window -types Layout -view] -factor 0.5 -at_point {282.345 100.590}
gui_zoom -window [gui_get_current_window -types Layout -view] -factor 0.5 -at_point {295.780 100.565}
gui_zoom -window [gui_get_current_window -types Layout -view] -factor 0.5 -at_point {322.815 100.565}
gui_zoom -window [gui_get_current_window -view] -full
exit
