 
****************************************
Report : DFT signals
Design : SYSTEM_TOP
Version: O-2018.06-SP1
Date   : Thu Aug 28 04:25:14 2025
****************************************

========================================
TEST MODE: all_dft_user
VIEW     : Existing DFT
========================================
Port               SignalType          Active    Hookup    Timing    Usage
----------         ----------          ------    ------    ------    -----
TEST_MODE          TestMode            1         -
SCAN_CLK           ScanMasterClock     1         -         P 100.0 R 45.0 F 55.0
SCAN_CLK           MasterClock         1         -         P 100.0 R 45.0 F 55.0
SCAN_RST           Reset               0         -         P 100.0 R 55.0 F 45.0
========================================
TEST MODE: all_dft_protocol
VIEW     : Existing DFT
========================================
Port               SignalType          Active    Hookup    Timing    Usage
----------         ----------          ------    ------    ------    -----
TEST_MODE          TestMode            1         -
SCAN_CLK           ScanMasterClock     1         -         P 100.0 R 45.0 F 55.0
SCAN_CLK           MasterClock         1         -         P 100.0 R 45.0 F 55.0
SCAN_RST           Reset               0         -         P 100.0 R 55.0 F 45.0
========================================
TEST MODE: all_dft
VIEW     : Existing DFT
========================================
Port               SignalType          Active    Hookup    Timing    Usage
----------         ----------          ------    ------    ------    -----
TEST_MODE          TestMode            1         -
SCAN_CLK           ScanMasterClock     1         -         P 100.0 R 45.0 F 55.0
SCAN_CLK           MasterClock         1         -         P 100.0 R 45.0 F 55.0
SCAN_RST           Reset               0         -         P 100.0 R 55.0 F 45.0
========================================
TEST MODE: Internal_scan_user
VIEW     : Existing DFT
========================================
Port               SignalType          Active    Hookup    Timing    Usage
----------         ----------          ------    ------    ------    -----
TEST_MODE          TestMode            1         -
SCAN_CLK           ScanMasterClock     1         -         P 100.0 R 45.0 F 55.0
SCAN_CLK           MasterClock         1         -         P 100.0 R 45.0 F 55.0
SCAN_RST           Reset               0         -         P 100.0 R 55.0 F 45.0
========================================
TEST MODE: Internal_scan_protocol
VIEW     : Existing DFT
========================================
Port               SignalType          Active    Hookup    Timing    Usage
----------         ----------          ------    ------    ------    -----
TEST_MODE          TestMode            1         -
SCAN_CLK           ScanMasterClock     1         -         P 100.0 R 45.0 F 55.0
SCAN_CLK           MasterClock         1         -         P 100.0 R 45.0 F 55.0
SCAN_RST           Reset               0         -         P 100.0 R 55.0 F 45.0
========================================
TEST MODE: Internal_scan
VIEW     : Existing DFT
========================================
Port               SignalType          Active    Hookup    Timing    Usage
----------         ----------          ------    ------    ------    -----
TEST_MODE          TestMode            1         -
SCAN_CLK           ScanMasterClock     1         -         P 100.0 R 45.0 F 55.0
SCAN_CLK           MasterClock         1         -         P 100.0 R 45.0 F 55.0
SCAN_RST           Reset               0         -         P 100.0 R 55.0 F 45.0
SCAN_OUT_4         ScanDataOut         -         -
SCAN_OUT_3         ScanDataOut         -         -
SCAN_OUT_2         ScanDataOut         -         -
SCAN_OUT_1         ScanDataOut         -         -
SCAN_IN_4          ScanDataIn          -         -
SCAN_IN_3          ScanDataIn          -         -
SCAN_IN_2          ScanDataIn          -         -
SCAN_IN_1          ScanDataIn          -         -
SCAN_EN            ScanEnable          1         -
========================================
TEST MODE: Mission_mode_user
VIEW     : Existing DFT
========================================
Port               SignalType          Active    Hookup    Timing    Usage
----------         ----------          ------    ------    ------    -----
TEST_MODE          TestMode            1         -
SCAN_CLK           ScanMasterClock     1         -         P 100.0 R 45.0 F 55.0
SCAN_CLK           MasterClock         1         -         P 100.0 R 45.0 F 55.0
SCAN_RST           Reset               0         -         P 100.0 R 55.0 F 45.0
========================================
TEST MODE: Mission_mode_protocol
VIEW     : Existing DFT
========================================
Port               SignalType          Active    Hookup    Timing    Usage
----------         ----------          ------    ------    ------    -----
TEST_MODE          TestMode            1         -
SCAN_CLK           ScanMasterClock     1         -         P 100.0 R 45.0 F 55.0
SCAN_CLK           MasterClock         1         -         P 100.0 R 45.0 F 55.0
SCAN_RST           Reset               0         -         P 100.0 R 55.0 F 45.0
========================================
TEST MODE: Mission_mode
VIEW     : Existing DFT
========================================
Port               SignalType          Active    Hookup    Timing    Usage
----------         ----------          ------    ------    ------    -----
TEST_MODE          TestMode            1         -
SCAN_CLK           ScanMasterClock     1         -         P 100.0 R 45.0 F 55.0
SCAN_CLK           MasterClock         1         -         P 100.0 R 45.0 F 55.0
SCAN_RST           Reset               0         -         P 100.0 R 55.0 F 45.0

1
