 
****************************************
Report : Scan path
Design : SYSTEM_TOP
Version: O-2018.06-SP1
Date   : Thu Aug 28 04:25:14 2025
****************************************

========================================
TEST MODE: Internal_scan
VIEW     : Specification
========================================
No scan path defined in this mode.

 
****************************************
Report : Scan path
Design : SYSTEM_TOP
Version: O-2018.06-SP1
Date   : Thu Aug 28 04:25:14 2025
****************************************

========================================
TEST MODE: Internal_scan
VIEW     : Existing DFT
========================================

========================================
AS SPECIFIED BY USER
========================================


========================================
AS BUILT BY insert_dft
========================================

Scan_path    Len   ScanDataIn  ScanDataOut ScanEnable  MasterClock SlaveClock
-----------  ----- ----------- ----------- ----------- ----------- -----------
I 1          85    SCAN_IN_1   SCAN_OUT_1  SCAN_EN     SCAN_CLK    -
I 2          85    SCAN_IN_2   SCAN_OUT_2  SCAN_EN     SCAN_CLK    -
I 3          84    SCAN_IN_3   SCAN_OUT_3  SCAN_EN     SCAN_CLK    -
I 4          84    SCAN_IN_4   SCAN_OUT_4  SCAN_EN     SCAN_CLK    -

1
