
################################################################################
#
# This file has been generated by SpyGlass:
#     Report Name      : waiver
#     Report Created by: ICer
#     Report Created on:  Sun Aug 24 19:12:22 2025
#     Working Directory: /home/ICer/Projects/Digital_System(RTL-to-GDSII)/spyglass/runs
#     SpyGlass Version : SpyGlass_vL-2016.06
#     Policy Name      : SpyGlass(SpyGlass_vL-2016.06)
#                        clock-reset(SpyGlass_vL-2016.06)
#                        erc(SpyGlass_vL-2016.06)
#                        latch(SpyGlass_vL-2016.06)
#                        lint(SpyGlass_vL-2016.06)
#                        morelint(SpyGlass_vL-2016.06)
#                        openmore(SpyGlass_vL-2016.06)
#                        power_est(SpyGlass_vL-2016.06)
#                        simulation(SpyGlass_vL-2016.06)
#                        starc(SpyGlass_vL-2016.06)
#                        starc2005(SpyGlass_vL-2016.06)
#                        timing(SpyGlass_vL-2016.06)
#                        txv(SpyGlass_vL-2016.06)
#
#     Total Number of Generated Messages :          5
#     Number of Waived Messages          :          3
#     Number of Reported Messages        :          2
#     Number of Overlimit Messages       :          0
#
#     Total Number of Waivers                            :          3
#     Number of Waivers Applied                          :          3
#     Number of Waivers with Regex and/or wildcard       :          0
#     Number of Waivers with -rule                       :          3
#     Number of Waivers with line number and/or file info:          0
#     Number of Waive -IP commands                       :          0
#
#
################################################################################

WAIVER REPORT:
+++++++++++++++++++++++++++++++++++++++++++++++++++++++++++++++++++++++++++++++

Design Issues Waiver Report
+++++++++++++++++++++++++++++++++++++++++++++++++++++++++++++++++++++++++++++++

Waiver comment : Created by ICer on 24-Aug-2025 17:39:29
waive -du "CLK_GATE" \
      -msg q%Latch inferred for signal 'Latch' in module 'CLK_GATE'% \
      -rule "InferLatch" 
#spg_backref : "./spyglass-1/lint/lint_rtl/spyglass-1_waiver_file.awl" 1

1 message(s) waived:
===============================================================================
Index    Rule       Severity File              Line Wt Message
===============================================================================
[7]      InferLatch Error    ../rtl/CLK_GATE.v 11   5  Latch inferred for signal 'Latch' in module 'CLK_GATE'
===============================================================================

Waiver comment : Created by ICer on 24-Aug-2025 17:56:54
waive -du "SYS_CTRL" \
      -msg q%Latch inferred for signal 'Address[3:0]' in module 'SYS_CTRL'% \
      -rule "InferLatch" 
#spg_backref : "./spyglass-1/lint/lint_rtl/spyglass-1_waiver_file.awl" 2

1 message(s) waived:
===============================================================================
Index    Rule       Severity File              Line Wt Message
===============================================================================
[8]      InferLatch Error    ../rtl/SYS_CTRL.v 151  5  Latch inferred for signal 'Address[3:0]' in module 'SYS_CTRL'
===============================================================================

Waiver comment : Created by ICer on 24-Aug-2025 18:31:57
waive -du "edge_bit_counter" \
      -msg q%Combinational and sequential parts of an FSM described in same always block% \
      -rule q%STARC05-2.11.3.1% 
#spg_backref : "./spyglass-1/lint/lint_rtl/spyglass-1_waiver_file.awl" 3

1 message(s) waived:
===============================================================================
Index    Rule             Severity File                      Line Wt Message
===============================================================================
[3]      STARC05-2.11.3.1 Warning  ../rtl/edge_bit_counter.v 21   10 Combinational and sequential parts of an FSM described in same always block
===============================================================================

