
################################################################################
#
# This file has been generated by SpyGlass:
#     Report Name      : moresimple
#     Report Created by: ICer
#     Report Created on:  Sun Aug 24 23:40:04 2025
#     Working Directory: /home/ICer/Projects/Digital_System(RTL-to-GDSII)/spyglass/runs
#     SpyGlass Version : SpyGlass_vL-2016.06
#     Policy Name      : SpyGlass(SpyGlass_vL-2016.06)
#                        clock-reset(SpyGlass_vL-2016.06)
#
#     Total Number of Generated Messages :          9
#     Number of Waived Messages          :          0
#     Number of Reported Messages        :          9
#     Number of Overlimit Messages       :          0
#
#
################################################################################

+++++++++++++++++++++++++++++++++++++++++++++++++++++++++++++++++++++++
MORESIMPLE REPORT:


############### BuiltIn -> RuleGroup=Design Read ###############
+++++++++++++++++++++++++++++++++++++++++++++++++++++++++++++++++++++++++++++++++++++++
ID       Rule                    Alias                   Severity    File                                                                                 Line    Wt    Message
======================================================================================
[1]      DetectTopDesignUnits    DetectTopDesignUnits    Info        ../rtl/SYSTEM_TOP.v                                                                  15      2     Module SYSTEM_TOP is a top level design unit
[0]      ElabSummary             ElabSummary             Info        ./system_top_spyglass/cdc/cdc_abstract/spyglass_reports/SpyGlass/elab_summary.rpt    0       2     Please refer file './system_top_spyglass/cdc/cdc_abstract/spyglass_reports/SpyGlass/elab_summary.rpt' for elab summary report
[4]      Info_Case_Analysis      showSimVal              Info        ../rtl/SYSTEM_TOP.v                                                                  15      10    Information for set_case_analysis value propagation for design 'SYSTEM_TOP' is displayed
+++++++++++++++++++++++++++++++++++++++++++++++++++++++++++++++++++++++++++++++++++++++


############### Non-BuiltIn -> Goal=cdc/cdc_abstract ###############
+++++++++++++++++++++++++++++++++++++++++++++++++++++++++++++++++++++++++++++++++++++++
ID       Rule                Alias    Severity    File                                                                                                  Line    Wt    Message
======================================================================================
[10]     Setup_port01                 Error       ../rtl/SYSTEM_TOP.v                                                                                   15      2     Port coverage for top design unit 'SYSTEM_TOP' is: '1' (25.00 %) port(s) not fully constrained
[6]      Ac_abstract01                Info        ./system_top_spyglass/cdc/cdc_abstract/spyglass_reports/abstract_view/SYSTEM_TOP_cdc_abstract.sgdc    0       2     Abstracted sgdc file for module 'SYSTEM_TOP' is generated
[2]      Propagate_Clocks             Info        ../rtl/SYSTEM_TOP.v                                                                                   17      2     For SYSTEM_TOP, clock(s) 'SYSTEM_TOP.REF_CLK' of domain 'REF_CLK' propagated
[3]      Propagate_Clocks             Info        ../rtl/SYSTEM_TOP.v                                                                                   27      2     For SYSTEM_TOP, clock(s) 'SYSTEM_TOP.UART_CLK,SYSTEM_TOP.TX_CLK' of domain 'UART_CLK' propagated
[5]      Propagate_Resets             Info        ../rtl/SYSTEM_TOP.v                                                                                   19      2     For SYSTEM_TOP, reset 'SYSTEM_TOP.RST' propagated
[F]      Setup_port01                 Info        ./system_top_spyglass/cdc/cdc_abstract/spyglass_reports/clock-reset/SYSTEM_TOP_input_abstract.sgdc    0       2     Abstracted sgdc file for input ports of block 'SYSTEM_TOP' is generated
+++++++++++++++++++++++++++++++++++++++++++++++++++++++++++++++++++++++++++++++++++++++
