
################################################################################
#
# This file has been generated by SpyGlass:
#     Report Name      : moresimple
#     Report Created by: ICer
#     Report Created on:  Sun Aug 24 19:53:35 2025
#     Working Directory: /home/ICer/Projects/Digital_System(RTL-to-GDSII)/spyglass/runs
#     SpyGlass Version : SpyGlass_vL-2016.06
#     Policy Name      : SpyGlass(SpyGlass_vL-2016.06)
#                        auto-verify(SpyGlass_vL-2016.06)
#
#     Total Number of Generated Messages :          5
#     Number of Waived Messages          :          0
#     Number of Reported Messages        :          5
#     Number of Overlimit Messages       :          0
#
#
################################################################################

+++++++++++++++++++++++++++++++++++++++++++++++++++++++++++++++++++++++
MORESIMPLE REPORT:


############### BuiltIn -> RuleGroup=Design Read ###############
+++++++++++++++++++++++++++++++++++++++++++++++++++++++++++++++++++++++++++++++++++++++
ID       Rule                    Alias                   Severity    File                                                                                Line    Wt    Message
======================================================================================
[1]      DetectTopDesignUnits    DetectTopDesignUnits    Info        ../rtl/SYSTEM_TOP.v                                                                 15      2     Module SYSTEM_TOP is a top level design unit
[0]      ElabSummary             ElabSummary             Info        ./spyglass-1/lint/lint_functional_rtl/spyglass_reports/SpyGlass/elab_summary.rpt    0       2     Please refer file './spyglass-1/lint/lint_functional_rtl/spyglass_reports/SpyGlass/elab_summary.rpt' for elab summary report
+++++++++++++++++++++++++++++++++++++++++++++++++++++++++++++++++++++++++++++++++++++++


############### Non-BuiltIn -> Goal=lint/lint_functional_rtl ###############
+++++++++++++++++++++++++++++++++++++++++++++++++++++++++++++++++++++++++++++++++++++++
ID       Rule                     Alias             Severity    File                   Line    Wt    Message
======================================================================================
[2E]     Av_Info_Case_Analysis    showSimVal        Info        ../rtl/SYSTEM_TOP.v    15      10    Information for set_case_analysis value propagation for design 'SYSTEM_TOP' is displayed
[2D]     Av_initstate01           ResetState        Info        ../rtl/SYSTEM_TOP.v    15      10    98 percent of sequential outputs are initialized with sets/resets and 0 percent sequential outputs are initialized by data path. Refer file: './spyglass-1/lint/lint_functional_rtl/spyglass_reports/auto-verify/auto_verify.reg' for details
[2F]     Av_report01              PropStatistics    Info        ../rtl/SYSTEM_TOP.v    15      10    Implicit: '1' implicit properties analyzed, '0' failed, '1' passed, '0' partially proved, '0' not analyzed, '0' others for top design unit 'SYSTEM_TOP'. Refer file: './spyglass-1/lint/lint_functional_rtl/spyglass_reports/auto-verify/auto_verify.rpt' for details
+++++++++++++++++++++++++++++++++++++++++++++++++++++++++++++++++++++++++++++++++++++++
