
################################################################################
#
# This file has been generated by SpyGlass:
#     Report Name      : no_msg_reporting_rules
#     Report Created by: ICer
#     Report Created on:  Sun Aug 24 19:53:35 2025
#     Working Directory: /home/ICer/Projects/Digital_System(RTL-to-GDSII)/spyglass/runs
#     SpyGlass Version : SpyGlass_vL-2016.06
#     Policy Name      : SpyGlass(SpyGlass_vL-2016.06)
#                        auto-verify(SpyGlass_vL-2016.06)
#
#     Total Number of Generated Messages :          5
#     Number of Waived Messages          :          0
#     Number of Reported Messages        :          5
#     Number of Overlimit Messages       :          0
#
#
################################################################################

NO VIOLATION RULE REPORT :
++++++++++++++++++++++++++++++++++++++++++++++++++++++++++++++++++++++++++++++++

Following rules did not produce any violation or waived off during spyglass run

++++++++++++++++++++++++++++++++++++++++++++++++++++++++++++++++++++++++++++++++


================================================================================
	INDEX                                   RULE-NAME
================================================================================
	1                                  Av_case_default_missing
	2                                  Av_case_default_redundant
	3                                  Av_dontcare_mismatch
	4                                  Av_signed_unsigned_mismatch
	5                                  Av_width_mismatch_assign
	6                                  Av_width_mismatch_case
	7                                  Av_width_mismatch_expr
	8                                  Av_width_mismatch_expr02
	9                                  Av_width_mismatch_expr03
	10                                 Av_width_mismatch_function
	11                                 Av_width_mismatch_port
================================================================================
