****************************************
Report : Data Mismatches
Version: O-2018.06-SP1
Date   : Sun Aug 31 06:50:42 2025
****************************************
No mismatches exist on the design.
1
****************************************
Report : SCANDEF check
Design : SYSTEM_TOP
Version: O-2018.06-SP1
Date   : Sun Aug 31 06:50:42 2025
****************************************
  Checking between SCANDEF file and design:

  Total PARTITION group count: 1
  Total SCANCHAINS checked: 4
  VALIDATED :  4
  FAILED    :  0

  Chain name     Status    #cells    #bits     PARTITION      Scan in        Scan out
  1              V         85        85        SCAN_CLK_45_45 SCAN_IN_1      SCAN_OUT_1
  2              V         85        85        SCAN_CLK_45_45 SCAN_IN_2      SCAN_OUT_2
  3              V         84        84        SCAN_CLK_45_45 SCAN_IN_3      SCAN_OUT_3
  4              V         84        84        SCAN_CLK_45_45 SCAN_IN_4      SCAN_OUT_4
1

************************

running check_legality

Warning: Routing direction of metal layer PO is neither "horizontal" nor "vertical".  PDC checks will not be performed on this layer. (PDC-003)
PDC app_options settings =========
	place.legalize.enable_prerouted_net_check: 1
	place.legalize.num_tracks_for_access_check: 1
	place.legalize.use_eol_spacing_for_access_check: 0
	place.legalize.allow_touch_track_for_access_check: 1
	place.legalize.reduce_conservatism_in_eol_check: 0
	place.legalize.preroute_shape_merge_distance: 0.0
	place.legalize.enable_non_preferred_direction_span_check: 0

Layer M1: cached 0 shapes out of 87 total shapes.
Cached 708 vias out of 5804 total vias.

check_legality for block design SYSTEM_TOP ... 
Warning: Routing direction of metal layer PO is neither "horizontal" nor "vertical".  PDC checks will not be performed on this layer. (PDC-003)
Design has no advanced rules
Checking legality
Checking cell legality:
0%....10%....20%....30%....40%....50%....60%....70%....80%....90%....100%
Sorting rows.
Checking spacing rule legality.
0%....10%....20%....30%....40%....50%....60%....70%....80%....90%....100%
Checking packing rule legality.


****************************************
  Report : Legality
****************************************

VIOLATIONS BY CATEGORY:
   MOVABLE  APP-FIXED USER-FIXED  DESCRIPTION
         0          0          0  Two objects overlap.
         0          0          0  A cell violates a pnet.
         0          0          0  A cell is illegal at a site.
         0          0          0  A cell is not aligned with a site.
         0          0          0  A cell has an illegal orientation.
         0          0          0  A cell spacing rule is violated.
         0          0          0  A layer rule is violated.
         0          0          0  A cell is in the wrong region.
         0          0          0  Two cells violate cts margins.
         0          0          0  Two cells violate coloring.

         0          0          0  TOTAL

TOTAL 0 Violations.

VIOLATIONS BY SUBCATEGORY:
     MOVABLE  APP-FIXED USER-FIXED  DESCRIPTION

         0          0          0    Two objects overlap.
           0          0          0    Two cells overlap.
           0          0          0    Two cells have overlapping keepout margins.
           0          0          0    A cell overlaps a blockage.
           0          0          0    A cell keepout margin overlaps a blockage.

         0          0          0    A cell violates a pnet.

         0          0          0    A cell is illegal at a site.
           0          0          0    A cell violates pin-track alignment rules.
           0          0          0    A cell is illegal at a site.
           0          0          0    A cell violates legal index rule.
           0          0          0    A cell has the wrong variant for its location.

         0          0          0    A cell is not aligned with a site.
           0          0          0    A cell is not aligned with the base site.
           0          0          0    A cell is not aligned with an overlaid site.

         0          0          0    A cell has an illegal orientation.

         0          0          0    A cell spacing rule is violated.
           0          0          0    A spacing rule is violated in a row.
           0          0          0    A spacing rule is violated between adjacent rows.
           0          0          0    A cell violates vertical abutment rule.
           0          0          0    A cell violates metal spacing rule.

         0          0          0    A layer rule is violated.
           0          0          0    A layer VTH rule is violated.
           0          0          0    A layer OD rule is violated.
           0          0          0    A layer OD max-width rule is violated.
           0          0          0    A layer ALL_OD corner rule is violated.
           0          0          0    A layer max-vertical-length rule is violated.
           0          0          0    A layer TPO rule is violated.
           0          0          0    Filler cell insertion cannot satisfy layer rules.

         0          0          0    A cell is in the wrong region.
           0          0          0    A cell is outside its hard bound.
           0          0          0    A cell is in the wrong voltage area.
           0          0          0    A cell violates an exclusive movebound.

         0          0          0    Two cells violate cts margins.

         0          0          0    Two cells violate coloring.


check_legality for block design SYSTEM_TOP succeeded!


check_legality succeeded.

**************************

1
NEX: 2401 nets
NEX: 98.96%(2376/2401) nets are valid placed

Histogram of "num of nodes per net"
  value: 	percent%
     0: 	1.0% 
     1: 	0.2% 
     2: 	46.1% (peak)
     3: 	18.3% 
     4: 	17.0% 
     5: 	15.0% (average = 5) 
    10: 	2.0% 
    20: 	0.1% 
    200: 	0.0% 
    1000: 	0.1% 


Histogram of "net bbox size(um)"
  value: 	percent%
   0.00: 	1.0% 
   1.00: 	0.3% 
   2.00: 	1.3% 
   3.00: 	3.4% 
   4.00: 	6.5% (peak)
   5.00: 	24.7% 
   10.00: 	26.6% 
   20.00: 	17.8% (average = 26.0) 
   40.00: 	14.4% 
   100.00: 	3.5% 
   200.00: 	0.5% 


Histogram of "net bbox aspect()"
  value: 	percent%
   0.00: 	1.0% 
   1.00: 	7.0% 
   1.10: 	7.3% (peak)
   1.20: 	6.4% 
   1.30: 	5.3% 
   1.40: 	4.4% 
   1.50: 	4.6% 
   1.60: 	3.7% 
   1.70: 	3.6% 
   1.80: 	3.8% 
   1.90: 	3.0% 
   2.00: 	13.3% 
   2.50: 	8.2% (average = 2.9) 
   3.00: 	11.0% 
   4.00: 	4.8% 
   5.00: 	9.4% 
   10.00: 	2.7% 
   20.00: 	0.5% 
   30.00: 	0.1% 

NEX: 2243 insts

Histogram of "inst bbox size(um)"
  value: 	percent%
   3.00: 	56.1% (peak)
   4.00: 	22.0% 
   5.00: 	4.1% (average = 5.3) 
   10.00: 	17.8% 

************************************************************
Timer Settings:
Delay Calculation Style:                   auto
Signal Integrity Analysis:                 disabled
Timing Window Analysis:                    disabled
Advanced Waveform Propagation:             disabled
Variation Type:                            fixed_derate
Clock Reconvergence Pessimism Removal:     disabled
Advanced Receiver Model:                   disabled
************************************************************
1
Information: CTS will work on the following scenarios. (CTS-101)
   default	(Mode: default; Corner: default)
Information: CTS will work on all clocks in active scenarios, including 3 master clocks and 3 generated clocks. (CTS-107)
Information: Clock derating is disabled

CTS related app options set by user:
   No CTS related app option is set.

****************************************
Report : check_clock_tree
Design : SYSTEM_TOP
Version: O-2018.06-SP1
Date   : Sun Aug 31 06:50:43 2025
****************************************

=================================================
Summary
=================================================

Tag           Count     Solution  Description
--------------------------------------------------------------------------------

---------------------------------------------
       Clock Definitions & Propagation
---------------------------------------------
CTS-002       0         None      There are active CTS scenarios with no clock definition.
CTS-004       0         None      There are generated clocks that cannot be reached by their master clock.
CTS-005       0         None      Generated clocks defined on bidirectional pins
CTS-019       0         None      Clocks propagate to output ports
CTS-905       1         None      There are clocks with no sinks
CTS-906       0         None      There are sinks with no clock
CTS-907       0         None      There are disabled timing arcs in the clock network

---------------------------------------------
               Reference Cells
---------------------------------------------
CTS-007       0         None      Failed to specify any clock buffers or inverters for CTS
CTS-008       0         None      Clock reference cells have dont_touch or dont_use
CTS-903       0         None      Cells instantiated in the clock network are not in the clock reference list
CTS-904       2         None      Some clock reference cells have no LEQ cell specified for resizing

---------------------------------------------
               Skew Balancing
---------------------------------------------
CTS-006       0         None      Balancing conflicts exist between different clocks
CTS-009       0         None      Cell instances in the clock tree have multiple conditional delay arcs between the same pins
CTS-908       0         None      Large phase delay in abstracted sub-blocks
CTS-910       0         None      Balance point constraints are defined downstream of another balance point or ignore point constraint
CTS-911       0         None      Clock pins downstream of a balance point or ignore point have been added to a skew group
CTS-913       0         None      Explicit ignore points have been added to a skew group, and will not be balanced
CTS-917       0         None      Implicit ignore points have been added to a skew group, and will be balanced

---------------------------------------------
                Multi-Voltage
---------------------------------------------
CTS-901       0         None      Clock nets have MV violations
CTS-902       0         None      No AON (always-on) buffers or inverters available for CTS
CTS-918       0         None      Voltage area blocked for buffering.

---------------------------------------------
    Capacitance & Transition Constraints
---------------------------------------------
CTS-909       0         None      set_load constraints detected in the clock tree
CTS-912       0         None      set_load constraints on output clock ports exceed the max capacitance limit
CTS-914       0         None      set_input_transition on clock ports exceeds the max transition limit
CTS-915       0         None      Excessively small max capacitance constraints in the clock network
CTS-916       0         None      Excessively small max transition constraints in the clock network

---------------------------------------------
                Other issues
---------------------------------------------
CTS-012       0         None      Nets in the clock network have a dont_touch constraint
CTS-013       1         None      Cells in the clock network have a dont_touch constraint
CTS-015       0         None      set_max_delay or set_min_delay constraints are defined in the clock network
CTS-900       0         None      Clock routing rules are outside of allowable layers
=================================================
                     Details
=================================================
1
1
