
################################################################################
#
# This file has been generated by SpyGlass:
#     Report Name      : no_msg_reporting_rules
#     Report Created by: ICer
#     Report Created on:  Sun Aug 24 19:55:39 2025
#     Working Directory: /home/ICer/Projects/Digital_System(RTL-to-GDSII)/spyglass/runs
#     SpyGlass Version : SpyGlass_vL-2016.06
#     Policy Name      : SpyGlass(SpyGlass_vL-2016.06)
#                        clock-reset(SpyGlass_vL-2016.06)
#
#     Total Number of Generated Messages :         56
#     Number of Waived Messages          :          0
#     Number of Reported Messages        :         56
#     Number of Overlimit Messages       :          0
#
#
################################################################################

NO VIOLATION RULE REPORT :
++++++++++++++++++++++++++++++++++++++++++++++++++++++++++++++++++++++++++++++++

Following rules did not produce any violation or waived off during spyglass run

++++++++++++++++++++++++++++++++++++++++++++++++++++++++++++++++++++++++++++++++


================================================================================
	INDEX                                   RULE-NAME
================================================================================
	1                                  Ac_abstract_validation01
	2                                  Ac_clockperiod01
	3                                  Ac_clockperiod02
	4                                  Ac_clockperiod03
	5                                  Ac_conv03
	6                                  Ac_resetvalue01
	7                                  Ac_sync01
	8                                  Ar_asyncdeassert01
	9                                  Ar_converge01
	10                                 Ar_syncrst_setupcheck01
	11                                 Ar_syncrstactive01
	12                                 Ar_syncrstcombo01
	13                                 Ar_syncrstload01
	14                                 Ar_syncrstload02
	15                                 Ar_syncrstpragma01
	16                                 Ar_syncrstrtl01
	17                                 Ar_unsync01
	18                                 Clock_check10
	19                                 Clock_info03a
	20                                 Clock_info03b
	21                                 Clock_info03c
	22                                 Clock_info05
	23                                 Clock_info05b
	24                                 Clock_sync05
	25                                 Clock_sync06
	26                                 FalsePathSetup
	27                                 Reset_check03
	28                                 Reset_check10
	29                                 Reset_check11
	30                                 Reset_check12
	31                                 Reset_info09a
	32                                 Reset_sync02
	33                                 Reset_sync04
	34                                 SGDC_abstract_mapping01
================================================================================
