****************************************
Report : Data Mismatches
Version: O-2018.06-SP1
Date   : Wed Sep  3 16:21:23 2025
****************************************
No mismatches exist on the design.
1
****************************************
Report : SCANDEF check
Design : SYSTEM_TOP
Version: O-2018.06-SP1
Date   : Wed Sep  3 16:21:23 2025
****************************************
  Checking between SCANDEF file and design:

  Total PARTITION group count: 1
  Total SCANCHAINS checked: 4
  VALIDATED :  4
  FAILED    :  0

  Chain name     Status    #cells    #bits     PARTITION      Scan in        Scan out
  1              V         85        85        SCAN_CLK_45_45 SCAN_IN_1      SCAN_OUT_1
  2              V         85        85        SCAN_CLK_45_45 SCAN_IN_2      SCAN_OUT_2
  3              V         84        84        SCAN_CLK_45_45 SCAN_IN_3      SCAN_OUT_3
  4              V         84        84        SCAN_CLK_45_45 SCAN_IN_4      SCAN_OUT_4
1
Information: There are no relative placement groups in the design. (NDMUI-173)
************************************************************
Timer Settings:
Delay Calculation Style:                   auto
Signal Integrity Analysis:                 disabled
Timing Window Analysis:                    disabled
Advanced Waveform Propagation:             disabled
Variation Type:                            fixed_derate
Clock Reconvergence Pessimism Removal:     disabled
Advanced Receiver Model:                   disabled
************************************************************
1
1
